[2024-07-22 00:26:22] local.INFO: {"name":"samsam89","amount":"58.00","api_id":298,"time":"20240722002622","type":1,"before_amount":"56190.99","api_name":"PG","date":"2024-07-22 00:26:22"}  
[2024-07-22 00:49:15] local.INFO: {"name":"wm7575JK20","amount":52,"api_id":650,"time":"20240722004915","type":1,"before_amount":"137609.00","api_name":"JK","date":"2024-07-22 00:49:15"}  
[2024-07-22 00:49:19] local.INFO: {"name":"ice28x88JK2","amount":40,"api_id":626,"time":"20240722004919","type":1,"before_amount":"119070.00","api_name":"JK","date":"2024-07-22 00:49:19"}  
[2024-07-22 00:49:53] local.INFO: {"name":"ice28x88JK2","amount":40,"api_id":626,"time":"20240722004953","type":2,"after_money":"119030.00","api_name":"JK","date":"2024-07-22 00:49:53"}  
[2024-07-22 00:50:06] local.INFO: {"name":"ice28x88","amount":"40.45","api_id":298,"time":"20240722005006","type":1,"before_amount":"56132.99","api_name":"PG","date":"2024-07-22 00:50:06"}  
[2024-07-22 00:51:41] local.INFO: {"name":"winwin163","amount":652,"api_id":298,"time":"20240722005141","type":2,"after_money":"56092.54","api_name":"PG","date":"2024-07-22 00:51:41"}  
[2024-07-22 00:53:24] local.INFO: {"name":"winwin163","amount":"152","api_id":298,"time":"20240722005324","type":1,"before_amount":"56744.54","api_name":"PG","date":"2024-07-22 00:53:24"}  
[2024-07-22 00:58:56] local.INFO: {"name":"winwin163","amount":572,"api_id":298,"time":"20240722005856","type":2,"after_money":"56592.54","api_name":"PG","date":"2024-07-22 00:58:56"}  
[2024-07-22 00:59:20] local.INFO: {"name":"winwin163","amount":"272.28","api_id":298,"time":"20240722005920","type":1,"before_amount":"57164.54","api_name":"PG","date":"2024-07-22 00:59:20"}  
[2024-07-22 01:00:16] local.INFO: {"name":"terry0729JK2","amount":20,"api_id":626,"time":"20240722010016","type":1,"before_amount":"119070.00","api_name":"JK","date":"2024-07-22 01:00:16"}  
[2024-07-22 01:10:52] local.INFO: {"name":"terry0729JK2","amount":0,"api_id":626,"time":"20240722011052","type":1,"before_amount":"119050.00","api_name":"JK","date":"2024-07-22 01:10:52"}  
[2024-07-22 01:13:56] local.INFO: {"name":"winwin163","amount":2167,"api_id":298,"time":"20240722011356","type":2,"after_money":"56892.26","api_name":"PG","date":"2024-07-22 01:13:56"}  
[2024-07-22 01:14:48] local.INFO: {"name":"winwin163","amount":"267.28","api_id":298,"time":"20240722011448","type":1,"before_amount":"59059.26","api_name":"PG","date":"2024-07-22 01:14:48"}  
[2024-07-22 01:45:28] local.INFO: {"name":"sing8888","amount":"100.46","api_id":298,"time":"20240722014528","type":1,"before_amount":"58791.98","api_name":"PG","date":"2024-07-22 01:45:28"}  
[2024-07-22 01:49:24] local.INFO: {"name":"wm7575JK10","amount":50,"api_id":628,"time":"20240722014924","type":1,"before_amount":"134707.00","api_name":"JK","date":"2024-07-22 01:49:24"}  
[2024-07-22 02:22:15] local.INFO: {"name":"wm7575JK2","amount":110,"api_id":626,"time":"20240722022215","type":1,"before_amount":"119050.00","api_name":"JK","date":"2024-07-22 02:22:15"}  
[2024-07-22 02:39:00] local.INFO: {"name":"wm7575JK20","amount":50,"api_id":650,"time":"20240722023900","type":1,"before_amount":"137557.00","api_name":"JK","date":"2024-07-22 02:39:00"}  
[2024-07-22 02:55:30] local.INFO: {"name":"kaaa1216","amount":"14.93","api_id":298,"time":"20240722025530","type":1,"before_amount":"58691.52","api_name":"PG","date":"2024-07-22 02:55:30"}  
[2024-07-22 03:03:50] local.INFO: {"name":"samsam89","amount":"50.14","api_id":298,"time":"20240722030350","type":1,"before_amount":"58676.59","api_name":"PG","date":"2024-07-22 03:03:50"}  
[2024-07-22 03:26:51] local.INFO: {"name":"ice28x88","amount":"5.83","api_id":298,"time":"20240722032651","type":1,"before_amount":"58626.45","api_name":"PG","date":"2024-07-22 03:26:51"}  
[2024-07-22 03:53:17] local.INFO: {"name":"winwin163","amount":"100.47","api_id":298,"time":"20240722035317","type":1,"before_amount":"58620.62","api_name":"PG","date":"2024-07-22 03:53:17"}  
[2024-07-22 03:58:03] local.INFO: {"name":"ttw1224JK2","amount":50,"api_id":626,"time":"20240722035803","type":1,"before_amount":"118940.00","api_name":"JK","date":"2024-07-22 03:58:03"}  
[2024-07-22 04:00:05] local.INFO: {"name":"winwin163","amount":"150.55","api_id":298,"time":"20240722040005","type":1,"before_amount":"58520.15","api_name":"PG","date":"2024-07-22 04:00:05"}  
[2024-07-22 04:09:28] local.INFO: {"name":"ttw1224JK2","amount":39,"api_id":626,"time":"20240722040928","type":2,"after_money":"118890.00","api_name":"JK","date":"2024-07-22 04:09:28"}  
[2024-07-22 04:09:29] local.INFO: {"name":"ttw1224JK2","amount":39,"api_id":626,"time":"20240722040929","type":2,"after_money":"118890.00","api_name":"JK","date":"2024-07-22 04:09:29"}  
[2024-07-22 04:09:40] local.INFO: {"name":"ttw1224","amount":"39.56","api_id":298,"time":"20240722040940","type":1,"before_amount":"58369.60","api_name":"PG","date":"2024-07-22 04:09:40"}  
[2024-07-22 04:13:47] local.INFO: {"name":"winwin163","amount":1408,"api_id":298,"time":"20240722041347","type":2,"after_money":"58330.04","api_name":"PG","date":"2024-07-22 04:13:47"}  
[2024-07-22 04:14:51] local.INFO: {"name":"winwin163","amount":"208","api_id":298,"time":"20240722041451","type":1,"before_amount":"59738.04","api_name":"PG","date":"2024-07-22 04:14:51"}  
[2024-07-22 04:28:13] local.INFO: {"name":"winwin163","amount":"200.55","api_id":298,"time":"20240722042813","type":1,"before_amount":"59530.04","api_name":"PG","date":"2024-07-22 04:28:13"}  
[2024-07-22 05:06:04] local.INFO: {"name":"ice28x88","amount":"0.83","api_id":298,"time":"20240722050604","type":1,"before_amount":"59329.49","api_name":"PG","date":"2024-07-22 05:06:04"}  
[2024-07-22 05:11:11] local.INFO: {"name":"winwin163","amount":"150.61","api_id":298,"time":"20240722051111","type":1,"before_amount":"59329.49","api_name":"PG","date":"2024-07-22 05:11:11"}  
[2024-07-22 05:21:22] local.INFO: {"name":"winwin163","amount":"100.71","api_id":286,"time":"20240722052122","type":1,"before_amount":"107019.67","api_name":"JD","date":"2024-07-22 05:21:22"}  
[2024-07-22 05:21:45] local.INFO: {"name":"ice28x88","amount":"51.01","api_id":298,"time":"20240722052145","type":1,"before_amount":"59178.88","api_name":"PG","date":"2024-07-22 05:21:45"}  
[2024-07-22 05:21:46] local.INFO: {"name":"ice28x88","amount":51,"api_id":298,"time":"20240722052146","type":2,"after_money":"59127.87","api_name":"PG","date":"2024-07-22 05:21:46"}  
[2024-07-22 05:22:35] local.INFO: {"name":"ice28x88","amount":"51.01","api_id":298,"time":"20240722052235","type":1,"before_amount":"59178.87","api_name":"PG","date":"2024-07-22 05:22:35"}  
[2024-07-22 05:25:31] local.INFO: {"name":"winwin163","amount":"100.80","api_id":286,"time":"20240722052531","type":1,"before_amount":"106918.96","api_name":"JD","date":"2024-07-22 05:25:31"}  
[2024-07-22 05:41:06] local.INFO: {"name":"sing8888","amount":"100.57","api_id":298,"time":"20240722054106","type":1,"before_amount":"59127.86","api_name":"PG","date":"2024-07-22 05:41:06"}  
[2024-07-22 05:45:33] local.INFO: {"name":"wm7575JK20","amount":100,"api_id":650,"time":"20240722054533","type":1,"before_amount":"137507.00","api_name":"JK","date":"2024-07-22 05:45:33"}  
[2024-07-22 05:48:43] local.INFO: {"name":"hua169JK2","amount":0,"api_id":626,"time":"20240722054843","type":1,"before_amount":"118929.00","api_name":"JK","date":"2024-07-22 05:48:43"}  
[2024-07-22 05:50:05] local.INFO: {"name":"winwin163","amount":"150.97","api_id":298,"time":"20240722055005","type":1,"before_amount":"59027.29","api_name":"PG","date":"2024-07-22 05:50:05"}  
[2024-07-22 05:57:25] local.INFO: {"name":"hua169","amount":"0.61","api_id":298,"time":"20240722055725","type":1,"before_amount":"58876.32","api_name":"PG","date":"2024-07-22 05:57:25"}  
[2024-07-22 05:57:25] local.INFO: {"name":"hua169","amount":"0.61","api_id":298,"time":"20240722055725","type":1,"before_amount":"58876.32","api_name":"PG","date":"2024-07-22 05:57:25"}  
[2024-07-22 05:57:37] local.INFO: {"name":"shing3366","amount":"99.99","api_id":286,"time":"20240722055737","type":1,"before_amount":"106818.16","api_name":"JD","date":"2024-07-22 05:57:37"}  
[2024-07-22 05:59:09] local.INFO: {"name":"ice28x88","amount":250,"api_id":298,"time":"20240722055909","type":2,"after_money":"58876.32","api_name":"PG","date":"2024-07-22 05:59:09"}  
[2024-07-22 06:04:18] local.INFO: {"name":"ice28x88","amount":"250.01","api_id":298,"time":"20240722060418","type":1,"before_amount":"59126.32","api_name":"PG","date":"2024-07-22 06:04:18"}  
[2024-07-22 06:06:48] local.INFO: {"name":"ice28x88","amount":214,"api_id":298,"time":"20240722060648","type":2,"after_money":"58876.31","api_name":"PG","date":"2024-07-22 06:06:48"}  
[2024-07-22 06:07:14] local.INFO: {"name":"ice28x88","amount":"214.01","api_id":298,"time":"20240722060714","type":1,"before_amount":"59090.31","api_name":"PG","date":"2024-07-22 06:07:14"}  
[2024-07-22 06:08:09] local.INFO: {"name":"wm7575JK20","amount":100,"api_id":650,"time":"20240722060809","type":1,"before_amount":"137407.00","api_name":"JK","date":"2024-07-22 06:08:09"}  
[2024-07-22 06:10:16] local.INFO: {"name":"ice28x88","amount":437,"api_id":298,"time":"20240722061016","type":2,"after_money":"58876.30","api_name":"PG","date":"2024-07-22 06:10:16"}  
[2024-07-22 06:10:17] local.INFO: {"name":"ice28x88","amount":437,"api_id":298,"time":"20240722061017","type":2,"after_money":"58876.30","api_name":"PG","date":"2024-07-22 06:10:17"}  
[2024-07-22 06:10:56] local.INFO: {"name":"ice28x88","amount":"37.01","api_id":298,"time":"20240722061056","type":1,"before_amount":"59313.30","api_name":"PG","date":"2024-07-22 06:10:56"}  
[2024-07-22 06:30:23] local.INFO: {"name":"kaaa1216","amount":"13.35","api_id":286,"time":"20240722063023","type":1,"before_amount":"106718.17","api_name":"JD","date":"2024-07-22 06:30:23"}  
[2024-07-22 06:34:08] local.INFO: {"name":"kaaa1216","amount":7,"api_id":286,"time":"20240722063408","type":2,"after_money":"106704.82","api_name":"JD","date":"2024-07-22 06:34:08"}  
[2024-07-22 06:34:40] local.INFO: {"name":"kaaa1216","amount":"7.35","api_id":286,"time":"20240722063440","type":1,"before_amount":"106711.82","api_name":"JD","date":"2024-07-22 06:34:40"}  
[2024-07-22 06:47:01] local.INFO: {"name":"shing3366JK2","amount":2,"api_id":626,"time":"20240722064701","type":1,"before_amount":"118929.00","api_name":"JK","date":"2024-07-22 06:47:01"}  
[2024-07-22 07:05:42] local.INFO: {"name":"ttw1224","amount":"50.76","api_id":298,"time":"20240722070542","type":1,"before_amount":"59284.61","api_name":"PG","date":"2024-07-22 07:05:42"}  
[2024-07-22 07:06:04] local.INFO: {"name":"wm7575JK2","amount":172,"api_id":626,"time":"20240722070604","type":1,"before_amount":"118927.00","api_name":"JK","date":"2024-07-22 07:06:04"}  
[2024-07-22 07:14:45] local.INFO: {"name":"ice28x88","amount":"100.17","api_id":298,"time":"20240722071445","type":1,"before_amount":"59234.61","api_name":"PG","date":"2024-07-22 07:14:45"}  
[2024-07-22 07:42:44] local.INFO: {"name":"winwin163","amount":"151.10","api_id":298,"time":"20240722074244","type":1,"before_amount":"59134.44","api_name":"PG","date":"2024-07-22 07:42:44"}  
[2024-07-22 08:03:31] local.INFO: {"name":"sing8888","amount":"50.75","api_id":298,"time":"20240722080331","type":1,"before_amount":"58983.34","api_name":"PG","date":"2024-07-22 08:03:31"}  
[2024-07-22 08:19:46] local.INFO: {"name":"wm7575JK2","amount":2509,"api_id":626,"time":"20240722081946","type":2,"after_money":"118755.00","api_name":"JK","date":"2024-07-22 08:19:46"}  
[2024-07-22 08:24:41] local.INFO: {"name":"wm7575JK20","amount":50,"api_id":650,"time":"20240722082441","type":1,"before_amount":"137307.00","api_name":"JK","date":"2024-07-22 08:24:41"}  
[2024-07-22 08:29:21] local.INFO: {"name":"wm7575JK20","amount":18,"api_id":650,"time":"20240722082921","type":2,"after_money":"137257.00","api_name":"JK","date":"2024-07-22 08:29:21"}  
[2024-07-22 08:29:27] local.INFO: {"name":"wm7575JK5","amount":72,"api_id":627,"time":"20240722082927","type":1,"before_amount":"133169.00","api_name":"JK","date":"2024-07-22 08:29:27"}  
[2024-07-22 08:42:55] local.INFO: {"name":"winwin163","amount":"150.29","api_id":298,"time":"20240722084255","type":1,"before_amount":"58932.59","api_name":"PG","date":"2024-07-22 08:42:55"}  
[2024-07-22 09:13:14] local.INFO: {"name":"sing8888","amount":"0.75","api_id":298,"time":"20240722091314","type":1,"before_amount":"58783.61","api_name":"PG","date":"2024-07-22 09:13:14"}  
[2024-07-22 09:28:06] local.INFO: {"name":"sing8888","amount":"50.82","api_id":298,"time":"20240722092806","type":1,"before_amount":"58783.61","api_name":"PG","date":"2024-07-22 09:28:06"}  
[2024-07-22 09:47:04] local.INFO: {"name":"wm7575JK2","amount":100,"api_id":626,"time":"20240722094704","type":1,"before_amount":"121264.00","api_name":"JK","date":"2024-07-22 09:47:04"}  
[2024-07-22 09:51:06] local.INFO: {"name":"ice28x88","amount":"9.97","api_id":298,"time":"20240722095106","type":1,"before_amount":"58732.79","api_name":"PG","date":"2024-07-22 09:51:06"}  
[2024-07-22 09:57:55] local.INFO: {"name":"ice28x88","amount":"101.05","api_id":298,"time":"20240722095755","type":1,"before_amount":"58722.82","api_name":"PG","date":"2024-07-22 09:57:55"}  
[2024-07-22 09:58:14] local.INFO: {"name":"wm7575JK2","amount":100,"api_id":626,"time":"20240722095814","type":1,"before_amount":"121164.00","api_name":"JK","date":"2024-07-22 09:58:14"}  
[2024-07-22 10:11:33] local.INFO: {"name":"ice28x88JK2","amount":50,"api_id":626,"time":"20240722101133","type":1,"before_amount":"121064.00","api_name":"JK","date":"2024-07-22 10:11:33"}  
[2024-07-22 10:12:43] local.INFO: {"name":"ice28x88JK2","amount":50,"api_id":626,"time":"20240722101243","type":2,"after_money":"121014.00","api_name":"JK","date":"2024-07-22 10:12:43"}  
[2024-07-22 10:12:52] local.INFO: {"name":"ice28x88JK2","amount":50,"api_id":626,"time":"20240722101252","type":1,"before_amount":"121064.00","api_name":"JK","date":"2024-07-22 10:12:52"}  
[2024-07-22 10:13:56] local.INFO: {"name":"ice28x88JK2","amount":50,"api_id":626,"time":"20240722101356","type":2,"after_money":"121014.00","api_name":"JK","date":"2024-07-22 10:13:56"}  
[2024-07-22 10:14:08] local.INFO: {"name":"ice28x88JK2","amount":50,"api_id":626,"time":"20240722101408","type":1,"before_amount":"121064.00","api_name":"JK","date":"2024-07-22 10:14:08"}  
[2024-07-22 10:16:31] local.INFO: {"name":"sing8888","amount":"50.88","api_id":298,"time":"20240722101631","type":1,"before_amount":"58621.77","api_name":"PG","date":"2024-07-22 10:16:31"}  
[2024-07-22 10:43:30] local.INFO: {"name":"kikoc1688","amount":"50.39","api_id":298,"time":"20240722104330","type":1,"before_amount":"58570.89","api_name":"PG","date":"2024-07-22 10:43:30"}  
[2024-07-22 10:46:19] local.INFO: {"name":"wm7575JK20","amount":50,"api_id":650,"time":"20240722104619","type":1,"before_amount":"137275.00","api_name":"JK","date":"2024-07-22 10:46:19"}  
[2024-07-22 10:56:49] local.INFO: {"name":"ice28x88JK2","amount":21,"api_id":626,"time":"20240722105649","type":2,"after_money":"121014.00","api_name":"JK","date":"2024-07-22 10:56:49"}  
[2024-07-22 10:56:59] local.INFO: {"name":"ice28x88","amount":"21.21","api_id":298,"time":"20240722105659","type":1,"before_amount":"58520.50","api_name":"PG","date":"2024-07-22 10:56:59"}  
[2024-07-22 11:07:43] local.INFO: {"name":"wm7575JK20","amount":50,"api_id":650,"time":"20240722110743","type":1,"before_amount":"137225.00","api_name":"JK","date":"2024-07-22 11:07:43"}  
[2024-07-22 11:08:57] local.INFO: {"name":"wm7575JK20","amount":50,"api_id":650,"time":"20240722110857","type":2,"after_money":"137175.00","api_name":"JK","date":"2024-07-22 11:08:57"}  
[2024-07-22 11:09:08] local.INFO: {"name":"wm7575JK20","amount":50,"api_id":650,"time":"20240722110908","type":1,"before_amount":"137225.00","api_name":"JK","date":"2024-07-22 11:09:08"}  
[2024-07-22 11:12:34] local.INFO: {"name":"wm7575JK20","amount":50,"api_id":650,"time":"20240722111234","type":1,"before_amount":"137175.00","api_name":"JK","date":"2024-07-22 11:12:34"}  
[2024-07-22 11:34:54] local.INFO: {"name":"sing8888","amount":"50","api_id":298,"time":"20240722113454","type":1,"before_amount":"58499.29","api_name":"PG","date":"2024-07-22 11:34:54"}  
[2024-07-22 11:39:08] local.INFO: {"name":"samsam89","amount":"50","api_id":298,"time":"20240722113908","type":1,"before_amount":"58449.29","api_name":"PG","date":"2024-07-22 11:39:08"}  
[2024-07-22 11:41:55] local.INFO: {"name":"samsam89","amount":"50","api_id":298,"time":"20240722114155","type":1,"before_amount":"58399.29","api_name":"PG","date":"2024-07-22 11:41:55"}  
[2024-07-22 11:52:00] local.INFO: {"name":"wm7575JK10","amount":50,"api_id":628,"time":"20240722115200","type":1,"before_amount":"134657.00","api_name":"JK","date":"2024-07-22 11:52:00"}  
[2024-07-22 11:53:29] local.INFO: {"name":"samsam89","amount":"50.23","api_id":286,"time":"20240722115329","type":1,"before_amount":"106704.47","api_name":"JD","date":"2024-07-22 11:53:29"}  
[2024-07-22 11:57:22] local.INFO: {"name":"wm7575JK2","amount":50,"api_id":626,"time":"20240722115722","type":1,"before_amount":"121035.00","api_name":"JK","date":"2024-07-22 11:57:22"}  
[2024-07-22 12:02:07] local.INFO: {"name":"wm7575JK2","amount":527,"api_id":626,"time":"20240722120207","type":2,"after_money":"120985.00","api_name":"JK","date":"2024-07-22 12:02:07"}  
[2024-07-22 12:02:20] local.INFO: {"name":"wm7575JK20","amount":52,"api_id":650,"time":"20240722120220","type":1,"before_amount":"137125.00","api_name":"JK","date":"2024-07-22 12:02:20"}  
[2024-07-22 12:22:55] local.INFO: {"name":"sing8888","amount":"51.08","api_id":298,"time":"20240722122255","type":1,"before_amount":"58349.29","api_name":"PG","date":"2024-07-22 12:22:55"}  
[2024-07-22 12:34:43] local.INFO: {"name":"wm7575JK20","amount":50,"api_id":650,"time":"20240722123443","type":1,"before_amount":"137073.00","api_name":"JK","date":"2024-07-22 12:34:43"}  
[2024-07-22 12:51:03] local.INFO: {"name":"samsam89","amount":"8.42","api_id":298,"time":"20240722125103","type":1,"before_amount":"58298.21","api_name":"PG","date":"2024-07-22 12:51:03"}  
[2024-07-22 12:53:30] local.INFO: {"name":"wm7575JK20","amount":204,"api_id":650,"time":"20240722125330","type":2,"after_money":"137023.00","api_name":"JK","date":"2024-07-22 12:53:30"}  
[2024-07-22 12:53:41] local.INFO: {"name":"wm7575JK20","amount":50,"api_id":650,"time":"20240722125341","type":1,"before_amount":"137227.00","api_name":"JK","date":"2024-07-22 12:53:41"}  
[2024-07-22 12:57:18] local.INFO: {"name":"wm7575JK20","amount":50,"api_id":650,"time":"20240722125718","type":1,"before_amount":"137177.00","api_name":"JK","date":"2024-07-22 12:57:18"}  
[2024-07-22 13:03:48] local.INFO: {"name":"wm7575JK20","amount":104,"api_id":650,"time":"20240722130348","type":1,"before_amount":"137127.00","api_name":"JK","date":"2024-07-22 13:03:48"}  
[2024-07-22 13:21:38] local.INFO: {"name":"wm7575JK20","amount":50,"api_id":650,"time":"20240722132138","type":1,"before_amount":"137023.00","api_name":"JK","date":"2024-07-22 13:21:38"}  
[2024-07-22 13:41:33] local.INFO: {"name":"wm7575JK10","amount":100,"api_id":628,"time":"20240722134133","type":1,"before_amount":"134607.00","api_name":"JK","date":"2024-07-22 13:41:33"}  
[2024-07-22 13:57:34] local.INFO: {"name":"ttw1224","amount":"50.84","api_id":298,"time":"20240722135734","type":1,"before_amount":"58289.79","api_name":"PG","date":"2024-07-22 13:57:34"}  
[2024-07-22 14:11:35] local.INFO: {"name":"sing8888","amount":"50","api_id":298,"time":"20240722141135","type":1,"before_amount":"58238.95","api_name":"PG","date":"2024-07-22 14:11:35"}  
[2024-07-22 14:14:50] local.INFO: {"name":"sing8888","amount":"50.21","api_id":298,"time":"20240722141450","type":1,"before_amount":"58188.95","api_name":"PG","date":"2024-07-22 14:14:50"}  
[2024-07-22 14:55:04] local.INFO: {"name":"sung1823","amount":"85","api_id":298,"time":"20240722145504","type":1,"before_amount":"58138.74","api_name":"PG","date":"2024-07-22 14:55:04"}  
[2024-07-22 14:55:10] local.INFO: {"name":"sung1823","amount":"85","api_id":298,"time":"20240722145510","type":1,"before_amount":"58053.74","api_name":"PG","date":"2024-07-22 14:55:10"}  
[2024-07-22 15:04:27] local.INFO: {"name":"ttw1224","amount":8,"api_id":298,"time":"20240722150427","type":2,"after_money":"57968.74","api_name":"PG","date":"2024-07-22 15:04:27"}  
[2024-07-22 15:04:28] local.INFO: {"name":"ttw1224","amount":8,"api_id":298,"time":"20240722150428","type":2,"after_money":"57968.74","api_name":"PG","date":"2024-07-22 15:04:28"}  
[2024-07-22 15:04:28] local.INFO: {"name":"ttw1224","amount":8,"api_id":298,"time":"20240722150428","type":2,"after_money":"57968.74","api_name":"PG","date":"2024-07-22 15:04:28"}  
[2024-07-22 15:04:28] local.INFO: {"name":"ttw1224","amount":8,"api_id":298,"time":"20240722150428","type":2,"after_money":"57968.74","api_name":"PG","date":"2024-07-22 15:04:28"}  
[2024-07-22 15:04:29] local.INFO: {"name":"ttw1224","amount":8,"api_id":298,"time":"20240722150429","type":2,"after_money":"57968.74","api_name":"PG","date":"2024-07-22 15:04:29"}  
[2024-07-22 15:04:29] local.INFO: {"name":"ttw1224","amount":8,"api_id":298,"time":"20240722150429","type":2,"after_money":"57968.74","api_name":"PG","date":"2024-07-22 15:04:29"}  
[2024-07-22 15:04:29] local.INFO: {"name":"ttw1224","amount":8,"api_id":298,"time":"20240722150429","type":2,"after_money":"57968.74","api_name":"PG","date":"2024-07-22 15:04:29"}  
[2024-07-22 15:04:29] local.INFO: {"name":"ttw1224","amount":8,"api_id":298,"time":"20240722150429","type":2,"after_money":"57968.74","api_name":"PG","date":"2024-07-22 15:04:29"}  
[2024-07-22 15:04:35] local.INFO: {"name":"ttw1224JK2","amount":8,"api_id":626,"time":"20240722150435","type":1,"before_amount":"121512.00","api_name":"JK","date":"2024-07-22 15:04:35"}  
[2024-07-22 15:25:58] local.INFO: {"name":"wm7575JK2","amount":154,"api_id":626,"time":"20240722152558","type":1,"before_amount":"121504.00","api_name":"JK","date":"2024-07-22 15:25:58"}  
[2024-07-22 15:26:45] local.INFO: {"name":"wm7575JK2","amount":154,"api_id":626,"time":"20240722152645","type":2,"after_money":"121350.00","api_name":"JK","date":"2024-07-22 15:26:45"}  
[2024-07-22 15:26:57] local.INFO: {"name":"wm7575JK2","amount":154,"api_id":626,"time":"20240722152657","type":1,"before_amount":"121504.00","api_name":"JK","date":"2024-07-22 15:26:57"}  
[2024-07-22 15:27:23] local.INFO: {"name":"wm7575JK2","amount":154,"api_id":626,"time":"20240722152723","type":2,"after_money":"121350.00","api_name":"JK","date":"2024-07-22 15:27:23"}  
[2024-07-22 15:27:35] local.INFO: {"name":"wm7575JK2","amount":154,"api_id":626,"time":"20240722152735","type":1,"before_amount":"121504.00","api_name":"JK","date":"2024-07-22 15:27:35"}  
[2024-07-22 15:31:00] local.INFO: {"name":"wm7575JK2","amount":72,"api_id":626,"time":"20240722153100","type":2,"after_money":"121350.00","api_name":"JK","date":"2024-07-22 15:31:00"}  
[2024-07-22 15:31:19] local.INFO: {"name":"wm7575JK2","amount":72,"api_id":626,"time":"20240722153119","type":1,"before_amount":"121422.00","api_name":"JK","date":"2024-07-22 15:31:19"}  
[2024-07-22 17:11:29] local.INFO: {"name":"t197112","amount":"72.00","api_id":298,"time":"20240722171129","type":1,"before_amount":"57976.74","api_name":"PG","date":"2024-07-22 17:11:29"}  
[2024-07-22 17:40:05] local.INFO: {"name":"t197112","amount":"50.19","api_id":286,"time":"20240722174005","type":1,"before_amount":"106654.24","api_name":"JD","date":"2024-07-22 17:40:05"}  
[2024-07-22 18:06:25] local.INFO: {"name":"wm7575JK2","amount":2,"api_id":626,"time":"20240722180625","type":1,"before_amount":"121350.00","api_name":"JK","date":"2024-07-22 18:06:25"}  
[2024-07-22 18:11:10] local.INFO: {"name":"sing8888","amount":"50.37","api_id":298,"time":"20240722181110","type":1,"before_amount":"57904.74","api_name":"PG","date":"2024-07-22 18:11:10"}  
[2024-07-22 18:22:38] local.INFO: {"name":"ice28x88","amount":"4.85","api_id":298,"time":"20240722182238","type":1,"before_amount":"57854.37","api_name":"PG","date":"2024-07-22 18:22:38"}  
[2024-07-22 20:17:58] local.INFO: {"name":"hua169JK2","amount":120,"api_id":626,"time":"20240722201758","type":1,"before_amount":"121348.00","api_name":"JK","date":"2024-07-22 20:17:58"}  
[2024-07-22 20:22:18] local.INFO: {"name":"hua169JK2","amount":120,"api_id":626,"time":"20240722202218","type":2,"after_money":"121228.00","api_name":"JK","date":"2024-07-22 20:22:18"}  
[2024-07-22 20:22:19] local.INFO: {"name":"hua169JK2","amount":120,"api_id":626,"time":"20240722202219","type":2,"after_money":"121228.00","api_name":"JK","date":"2024-07-22 20:22:19"}  
[2024-07-22 20:22:30] local.INFO: {"name":"hua169","amount":"120.85","api_id":298,"time":"20240722202230","type":1,"before_amount":"57849.52","api_name":"PG","date":"2024-07-22 20:22:30"}  
[2024-07-22 20:28:36] local.INFO: {"name":"hua169","amount":102,"api_id":298,"time":"20240722202836","type":2,"after_money":"57728.67","api_name":"PG","date":"2024-07-22 20:28:36"}  
[2024-07-22 20:29:20] local.INFO: {"name":"hua169JK2","amount":102,"api_id":626,"time":"20240722202920","type":1,"before_amount":"121348.00","api_name":"JK","date":"2024-07-22 20:29:20"}  
[2024-07-22 20:29:45] local.INFO: {"name":"hua169JK2","amount":102,"api_id":626,"time":"20240722202945","type":2,"after_money":"121246.00","api_name":"JK","date":"2024-07-22 20:29:45"}  
[2024-07-22 20:30:05] local.INFO: {"name":"hua169","amount":"102.85","api_id":298,"time":"20240722203005","type":1,"before_amount":"57830.67","api_name":"PG","date":"2024-07-22 20:30:05"}  
[2024-07-22 20:32:45] local.INFO: {"name":"hua169","amount":86,"api_id":298,"time":"20240722203245","type":2,"after_money":"57727.82","api_name":"PG","date":"2024-07-22 20:32:45"}  
[2024-07-22 20:32:46] local.INFO: {"name":"hua169","amount":86,"api_id":298,"time":"20240722203246","type":2,"after_money":"57727.82","api_name":"PG","date":"2024-07-22 20:32:46"}  
[2024-07-22 20:32:57] local.INFO: {"name":"hua169","amount":"86.85","api_id":286,"time":"20240722203257","type":1,"before_amount":"106604.05","api_name":"JD","date":"2024-07-22 20:32:57"}  
[2024-07-22 20:40:25] local.INFO: {"name":"hua169","amount":86,"api_id":286,"time":"20240722204025","type":2,"after_money":"106517.20","api_name":"JD","date":"2024-07-22 20:40:25"}  
[2024-07-22 20:40:33] local.INFO: {"name":"hua169JK2","amount":86,"api_id":626,"time":"20240722204033","type":1,"before_amount":"121348.00","api_name":"JK","date":"2024-07-22 20:40:33"}  
[2024-07-22 20:44:21] local.INFO: {"name":"hua169JK2","amount":70,"api_id":626,"time":"20240722204421","type":2,"after_money":"121262.00","api_name":"JK","date":"2024-07-22 20:44:21"}  
[2024-07-22 20:44:23] local.INFO: {"name":"hua169JK2","amount":70,"api_id":626,"time":"20240722204423","type":2,"after_money":"121262.00","api_name":"JK","date":"2024-07-22 20:44:23"}  
[2024-07-22 20:44:34] local.INFO: {"name":"hua169JK2","amount":70,"api_id":626,"time":"20240722204434","type":1,"before_amount":"121332.00","api_name":"JK","date":"2024-07-22 20:44:34"}  
[2024-07-22 20:47:30] local.INFO: {"name":"shing123","amount":"50.17","api_id":298,"time":"20240722204730","type":1,"before_amount":"57813.82","api_name":"PG","date":"2024-07-22 20:47:30"}  
[2024-07-22 20:52:30] local.INFO: {"name":"sing8888","amount":"50.46","api_id":298,"time":"20240722205230","type":1,"before_amount":"57763.65","api_name":"PG","date":"2024-07-22 20:52:30"}  
[2024-07-22 20:54:11] local.INFO: {"name":"wm7575JK10","amount":100,"api_id":628,"time":"20240722205411","type":1,"before_amount":"134507.00","api_name":"JK","date":"2024-07-22 20:54:11"}  
[2024-07-22 20:59:29] local.INFO: {"name":"winwin163","amount":"250.40","api_id":298,"time":"20240722205929","type":1,"before_amount":"57713.19","api_name":"PG","date":"2024-07-22 20:59:29"}  
[2024-07-22 21:01:00] local.INFO: {"name":"hua169JK2","amount":118,"api_id":626,"time":"20240722210100","type":2,"after_money":"121262.00","api_name":"JK","date":"2024-07-22 21:01:00"}  
[2024-07-22 21:01:18] local.INFO: {"name":"hua169JK2","amount":118,"api_id":626,"time":"20240722210118","type":1,"before_amount":"121380.00","api_name":"JK","date":"2024-07-22 21:01:18"}  
[2024-07-22 21:01:57] local.INFO: {"name":"hua169JK2","amount":118,"api_id":626,"time":"20240722210157","type":2,"after_money":"121262.00","api_name":"JK","date":"2024-07-22 21:01:57"}  
[2024-07-22 21:02:11] local.INFO: {"name":"hua169JK2","amount":118,"api_id":626,"time":"20240722210211","type":1,"before_amount":"121380.00","api_name":"JK","date":"2024-07-22 21:02:11"}  
[2024-07-22 21:02:55] local.INFO: {"name":"hua169JK2","amount":118,"api_id":626,"time":"20240722210255","type":2,"after_money":"121262.00","api_name":"JK","date":"2024-07-22 21:02:55"}  
[2024-07-22 21:02:55] local.INFO: {"name":"hua169JK2","amount":118,"api_id":626,"time":"20240722210255","type":2,"after_money":"121262.00","api_name":"JK","date":"2024-07-22 21:02:55"}  
[2024-07-22 21:03:13] local.INFO: {"name":"hua169JK2","amount":118,"api_id":626,"time":"20240722210313","type":1,"before_amount":"121380.00","api_name":"JK","date":"2024-07-22 21:03:13"}  
[2024-07-22 21:08:10] local.INFO: {"name":"hua169JK2","amount":151,"api_id":626,"time":"20240722210810","type":2,"after_money":"121262.00","api_name":"JK","date":"2024-07-22 21:08:10"}  
[2024-07-22 21:08:12] local.INFO: {"name":"hua169JK2","amount":118,"api_id":626,"time":"20240722210812","type":1,"before_amount":"121413.00","api_name":"JK","date":"2024-07-22 21:08:12"}  
[2024-07-22 21:08:37] local.INFO: {"name":"hua169JK2","amount":118,"api_id":626,"time":"20240722210837","type":2,"after_money":"121295.00","api_name":"JK","date":"2024-07-22 21:08:37"}  
[2024-07-22 21:08:38] local.INFO: {"name":"hua169JK2","amount":118,"api_id":626,"time":"20240722210838","type":2,"after_money":"121295.00","api_name":"JK","date":"2024-07-22 21:08:38"}  
[2024-07-22 21:08:40] local.INFO: {"name":"hua169JK2","amount":32,"api_id":626,"time":"20240722210840","type":1,"before_amount":"121413.00","api_name":"JK","date":"2024-07-22 21:08:40"}  
[2024-07-22 21:09:34] local.INFO: {"name":"hua169JK2","amount":32,"api_id":626,"time":"20240722210934","type":2,"after_money":"121381.00","api_name":"JK","date":"2024-07-22 21:09:34"}  
[2024-07-22 21:09:39] local.INFO: {"name":"hua169JK2","amount":118,"api_id":626,"time":"20240722210939","type":1,"before_amount":"121413.00","api_name":"JK","date":"2024-07-22 21:09:39"}  
[2024-07-22 21:20:28] local.INFO: {"name":"hua169JK2","amount":111,"api_id":626,"time":"20240722212028","type":2,"after_money":"121295.00","api_name":"JK","date":"2024-07-22 21:20:28"}  
[2024-07-22 21:20:29] local.INFO: {"name":"hua169JK2","amount":111,"api_id":626,"time":"20240722212029","type":2,"after_money":"121295.00","api_name":"JK","date":"2024-07-22 21:20:29"}  
[2024-07-22 21:20:58] local.INFO: {"name":"hua169JK2","amount":142,"api_id":626,"time":"20240722212058","type":1,"before_amount":"121406.00","api_name":"JK","date":"2024-07-22 21:20:58"}  
[2024-07-22 21:25:11] local.INFO: {"name":"shing123","amount":600,"api_id":298,"time":"20240722212511","type":2,"after_money":"57471.61","api_name":"PG","date":"2024-07-22 21:25:11"}  
[2024-07-22 21:28:15] local.INFO: {"name":"hua169JK2","amount":136,"api_id":626,"time":"20240722212815","type":2,"after_money":"121264.00","api_name":"JK","date":"2024-07-22 21:28:15"}  
[2024-07-22 21:28:15] local.INFO: {"name":"hua169JK2","amount":136,"api_id":626,"time":"20240722212815","type":2,"after_money":"121264.00","api_name":"JK","date":"2024-07-22 21:28:15"}  
[2024-07-22 21:28:35] local.INFO: {"name":"hua169JK2","amount":136,"api_id":626,"time":"20240722212835","type":1,"before_amount":"121400.00","api_name":"JK","date":"2024-07-22 21:28:35"}  
[2024-07-22 21:42:28] local.INFO: {"name":"samsam89","amount":"50","api_id":298,"time":"20240722214228","type":1,"before_amount":"58071.61","api_name":"PG","date":"2024-07-22 21:42:28"}  
[2024-07-22 21:49:13] local.INFO: {"name":"shing123","amount":"600.17","api_id":298,"time":"20240722214913","type":1,"before_amount":"58021.61","api_name":"PG","date":"2024-07-22 21:49:13"}  
[2024-07-22 21:49:37] local.INFO: {"name":"samsam89","amount":"51.29","api_id":298,"time":"20240722214937","type":1,"before_amount":"57421.44","api_name":"PG","date":"2024-07-22 21:49:37"}  
[2024-07-22 21:51:25] local.INFO: {"name":"wm7575JK10","amount":27,"api_id":628,"time":"20240722215125","type":2,"after_money":"134407.00","api_name":"JK","date":"2024-07-22 21:51:25"}  
[2024-07-22 21:51:35] local.INFO: {"name":"wm7575JK2","amount":134,"api_id":626,"time":"20240722215135","type":1,"before_amount":"121264.00","api_name":"JK","date":"2024-07-22 21:51:35"}  
[2024-07-22 21:56:23] local.INFO: {"name":"samsam89","amount":"50","api_id":286,"time":"20240722215623","type":1,"before_amount":"106603.20","api_name":"JD","date":"2024-07-22 21:56:23"}  
[2024-07-22 22:17:31] local.INFO: {"name":"sing8888","amount":"50.59","api_id":298,"time":"20240722221731","type":1,"before_amount":"57370.15","api_name":"PG","date":"2024-07-22 22:17:31"}  
[2024-07-22 22:23:05] local.INFO: {"name":"wm7575JK20","amount":50,"api_id":650,"time":"20240722222305","type":1,"before_amount":"136973.00","api_name":"JK","date":"2024-07-22 22:23:05"}  
[2024-07-22 22:26:56] local.INFO: {"name":"shing123","amount":"0.17","api_id":298,"time":"20240722222656","type":1,"before_amount":"57319.56","api_name":"PG","date":"2024-07-22 22:26:56"}  
[2024-07-22 22:27:43] local.INFO: {"name":"shing123","amount":902,"api_id":298,"time":"20240722222743","type":2,"after_money":"57319.56","api_name":"PG","date":"2024-07-22 22:27:43"}  
[2024-07-22 22:39:09] local.INFO: {"name":"wm7575JK2","amount":38,"api_id":626,"time":"20240722223909","type":1,"before_amount":"121130.00","api_name":"JK","date":"2024-07-22 22:39:09"}  
[2024-07-22 22:39:51] local.INFO: {"name":"samsam89","amount":"50.35","api_id":298,"time":"20240722223951","type":1,"before_amount":"58221.56","api_name":"PG","date":"2024-07-22 22:39:51"}  
[2024-07-22 22:46:29] local.INFO: {"name":"eliseccyJK2","amount":100,"api_id":626,"time":"20240722224629","type":1,"before_amount":"121092.00","api_name":"JK","date":"2024-07-22 22:46:29"}  
[2024-07-22 22:59:34] local.INFO: {"name":"shing123","amount":"902.17","api_id":298,"time":"20240722225934","type":1,"before_amount":"58171.21","api_name":"PG","date":"2024-07-22 22:59:34"}  
[2024-07-22 23:04:51] local.INFO: {"name":"eliseccyJK2","amount":52,"api_id":626,"time":"20240722230451","type":2,"after_money":"120992.00","api_name":"JK","date":"2024-07-22 23:04:51"}  
[2024-07-22 23:05:01] local.INFO: {"name":"eliseccy","amount":"52.70","api_id":298,"time":"20240722230501","type":1,"before_amount":"57269.04","api_name":"PG","date":"2024-07-22 23:05:01"}  
[2024-07-22 23:08:13] local.INFO: {"name":"hua169","amount":"51.02","api_id":298,"time":"20240722230813","type":1,"before_amount":"57216.34","api_name":"PG","date":"2024-07-22 23:08:13"}  
[2024-07-22 23:10:38] local.INFO: {"name":"shing123","amount":1405,"api_id":298,"time":"20240722231038","type":2,"after_money":"57165.32","api_name":"PG","date":"2024-07-22 23:10:38"}  
[2024-07-22 23:18:16] local.INFO: {"name":"shing123JK2","amount":1400,"api_id":626,"time":"20240722231816","type":1,"before_amount":"121044.00","api_name":"JK","date":"2024-07-22 23:18:16"}  
[2024-07-22 23:18:50] local.INFO: {"name":"shing123JK2","amount":1400,"api_id":626,"time":"20240722231850","type":2,"after_money":"119644.00","api_name":"JK","date":"2024-07-22 23:18:50"}  
[2024-07-22 23:32:06] local.INFO: {"name":"terry0729","amount":"0.13","api_id":652,"time":"20240722233206","type":1,"before_amount":"354.43","api_name":"JK","date":"2024-07-22 23:32:06"}  
[2024-07-22 23:35:56] local.INFO: {"name":"hua169","amount":191,"api_id":298,"time":"20240722233556","type":2,"after_money":"58570.32","api_name":"PG","date":"2024-07-22 23:35:56"}  
[2024-07-22 23:35:56] local.INFO: {"name":"hua169","amount":191,"api_id":298,"time":"20240722233556","type":2,"after_money":"58570.32","api_name":"PG","date":"2024-07-22 23:35:56"}  
[2024-07-22 23:36:17] local.INFO: {"name":"hua169","amount":"191.02","api_id":298,"time":"20240722233617","type":1,"before_amount":"58761.32","api_name":"PG","date":"2024-07-22 23:36:17"}  
