[2024-07-21 00:06:53] local.INFO: {"name":"hua169","amount":"0.96","api_id":298,"time":"20240721000653","type":1,"before_amount":"57188.91","api_name":"PG","date":"2024-07-21 00:06:53"}  
[2024-07-21 00:06:54] local.INFO: {"name":"hua169","amount":"0.96","api_id":298,"time":"20240721000654","type":1,"before_amount":"57188.91","api_name":"PG","date":"2024-07-21 00:06:54"}  
[2024-07-21 00:25:17] local.INFO: {"name":"kaaa1216","amount":"10.72","api_id":286,"time":"20240721002517","type":1,"before_amount":"107997.27","api_name":"JD","date":"2024-07-21 00:25:17"}  
[2024-07-21 00:25:39] local.INFO: {"name":"hua169","amount":"25.05","api_id":298,"time":"20240721002539","type":1,"before_amount":"57188.91","api_name":"PG","date":"2024-07-21 00:25:39"}  
[2024-07-21 00:48:04] local.INFO: {"name":"wm7575JK20","amount":144,"api_id":650,"time":"20240721004804","type":1,"before_amount":"137455.00","api_name":"JK","date":"2024-07-21 00:48:04"}  
[2024-07-21 00:48:56] local.INFO: {"name":"wm7575JK20","amount":144,"api_id":650,"time":"20240721004856","type":2,"after_money":"137311.00","api_name":"JK","date":"2024-07-21 00:48:56"}  
[2024-07-21 00:49:13] local.INFO: {"name":"wm7575JK20","amount":144,"api_id":650,"time":"20240721004913","type":1,"before_amount":"137455.00","api_name":"JK","date":"2024-07-21 00:49:13"}  
[2024-07-21 00:51:59] local.INFO: {"name":"sing8888","amount":"48.32","api_id":298,"time":"20240721005159","type":1,"before_amount":"57163.86","api_name":"PG","date":"2024-07-21 00:51:59"}  
[2024-07-21 00:54:13] local.INFO: {"name":"samsam89","amount":"50","api_id":298,"time":"20240721005413","type":1,"before_amount":"57115.54","api_name":"PG","date":"2024-07-21 00:54:13"}  
[2024-07-21 01:01:18] local.INFO: {"name":"samsam89","amount":"51.11","api_id":298,"time":"20240721010118","type":1,"before_amount":"57065.54","api_name":"PG","date":"2024-07-21 01:01:18"}  
[2024-07-21 01:01:20] local.INFO: {"name":"shing3366","amount":"173.55","api_id":272,"time":"20240721010120","type":1,"before_amount":"120058.24","api_name":"CQ","date":"2024-07-21 01:01:20"}  
[2024-07-21 01:31:14] local.INFO: {"name":"hua169","amount":99,"api_id":298,"time":"20240721013114","type":2,"after_money":"57014.43","api_name":"PG","date":"2024-07-21 01:31:14"}  
[2024-07-21 01:31:14] local.INFO: {"name":"hua169","amount":99,"api_id":298,"time":"20240721013114","type":2,"after_money":"57014.43","api_name":"PG","date":"2024-07-21 01:31:14"}  
[2024-07-21 01:31:14] local.INFO: {"name":"hua169","amount":99,"api_id":298,"time":"20240721013114","type":2,"after_money":"57014.43","api_name":"PG","date":"2024-07-21 01:31:14"}  
[2024-07-21 01:31:14] local.INFO: {"name":"hua169","amount":99,"api_id":298,"time":"20240721013114","type":2,"after_money":"57014.43","api_name":"PG","date":"2024-07-21 01:31:14"}  
[2024-07-21 01:31:14] local.INFO: {"name":"hua169","amount":99,"api_id":298,"time":"20240721013114","type":2,"after_money":"57014.43","api_name":"PG","date":"2024-07-21 01:31:14"}  
[2024-07-21 01:33:23] local.INFO: {"name":"samsam89","amount":62,"api_id":298,"time":"20240721013323","type":2,"after_money":"57113.43","api_name":"PG","date":"2024-07-21 01:33:23"}  
[2024-07-21 01:33:38] local.INFO: {"name":"samsam89","amount":"62.11","api_id":286,"time":"20240721013338","type":1,"before_amount":"107986.55","api_name":"JD","date":"2024-07-21 01:33:38"}  
[2024-07-21 01:56:22] local.INFO: {"name":"hua169","amount":"99.05","api_id":298,"time":"20240721015622","type":1,"before_amount":"57175.43","api_name":"PG","date":"2024-07-21 01:56:22"}  
[2024-07-21 02:15:17] local.INFO: {"name":"wm7575JK20","amount":651,"api_id":650,"time":"20240721021517","type":2,"after_money":"137311.00","api_name":"JK","date":"2024-07-21 02:15:17"}  
[2024-07-21 02:17:08] local.INFO: {"name":"wm7575JK5","amount":100,"api_id":627,"time":"20240721021708","type":1,"before_amount":"133452.00","api_name":"JK","date":"2024-07-21 02:17:08"}  
[2024-07-21 02:17:32] local.INFO: {"name":"samsam89","amount":"9.49","api_id":298,"time":"20240721021732","type":1,"before_amount":"57076.38","api_name":"PG","date":"2024-07-21 02:17:32"}  
[2024-07-21 02:52:30] local.INFO: {"name":"wm7575JK5","amount":15,"api_id":627,"time":"20240721025230","type":2,"after_money":"133352.00","api_name":"JK","date":"2024-07-21 02:52:30"}  
[2024-07-21 02:53:04] local.INFO: {"name":"wm7575JK5","amount":100,"api_id":627,"time":"20240721025304","type":1,"before_amount":"133367.00","api_name":"JK","date":"2024-07-21 02:53:04"}  
[2024-07-21 02:58:16] local.INFO: {"name":"wm7575JK5","amount":100,"api_id":627,"time":"20240721025816","type":1,"before_amount":"133267.00","api_name":"JK","date":"2024-07-21 02:58:16"}  
[2024-07-21 03:07:42] local.INFO: {"name":"hua169","amount":337,"api_id":298,"time":"20240721030742","type":2,"after_money":"57066.89","api_name":"PG","date":"2024-07-21 03:07:42"}  
[2024-07-21 03:07:42] local.INFO: {"name":"hua169","amount":337,"api_id":298,"time":"20240721030742","type":2,"after_money":"57066.89","api_name":"PG","date":"2024-07-21 03:07:42"}  
[2024-07-21 03:08:22] local.INFO: {"name":"hua169JK2","amount":336,"api_id":626,"time":"20240721030822","type":1,"before_amount":"119474.00","api_name":"JK","date":"2024-07-21 03:08:22"}  
[2024-07-21 03:25:58] local.INFO: {"name":"hua169JK2","amount":523,"api_id":626,"time":"20240721032558","type":2,"after_money":"119138.00","api_name":"JK","date":"2024-07-21 03:25:58"}  
[2024-07-21 03:26:13] local.INFO: {"name":"hua169JK2","amount":522,"api_id":626,"time":"20240721032613","type":1,"before_amount":"119661.00","api_name":"JK","date":"2024-07-21 03:26:13"}  
[2024-07-21 03:28:47] local.INFO: {"name":"hua169JK2","amount":422,"api_id":626,"time":"20240721032847","type":2,"after_money":"119139.00","api_name":"JK","date":"2024-07-21 03:28:47"}  
[2024-07-21 03:28:59] local.INFO: {"name":"hua169JK2","amount":422,"api_id":626,"time":"20240721032859","type":1,"before_amount":"119561.00","api_name":"JK","date":"2024-07-21 03:28:59"}  
[2024-07-21 03:31:05] local.INFO: {"name":"hua169JK2","amount":422,"api_id":626,"time":"20240721033105","type":2,"after_money":"119139.00","api_name":"JK","date":"2024-07-21 03:31:05"}  
[2024-07-21 03:31:18] local.INFO: {"name":"hua169JK2","amount":422,"api_id":626,"time":"20240721033118","type":1,"before_amount":"119561.00","api_name":"JK","date":"2024-07-21 03:31:18"}  
[2024-07-21 03:36:06] local.INFO: {"name":"hua169JK2","amount":350,"api_id":626,"time":"20240721033606","type":2,"after_money":"119139.00","api_name":"JK","date":"2024-07-21 03:36:06"}  
[2024-07-21 03:36:06] local.INFO: {"name":"hua169JK2","amount":350,"api_id":626,"time":"20240721033606","type":2,"after_money":"119139.00","api_name":"JK","date":"2024-07-21 03:36:06"}  
[2024-07-21 03:36:06] local.INFO: {"name":"hua169JK2","amount":350,"api_id":626,"time":"20240721033606","type":2,"after_money":"119139.00","api_name":"JK","date":"2024-07-21 03:36:06"}  
[2024-07-21 03:36:06] local.INFO: {"name":"hua169JK2","amount":350,"api_id":626,"time":"20240721033606","type":2,"after_money":"119139.00","api_name":"JK","date":"2024-07-21 03:36:06"}  
[2024-07-21 03:36:06] local.INFO: {"name":"hua169JK2","amount":350,"api_id":626,"time":"20240721033606","type":2,"after_money":"119139.00","api_name":"JK","date":"2024-07-21 03:36:06"}  
[2024-07-21 03:36:06] local.INFO: {"name":"hua169JK2","amount":350,"api_id":626,"time":"20240721033606","type":2,"after_money":"119139.00","api_name":"JK","date":"2024-07-21 03:36:06"}  
[2024-07-21 03:36:15] local.INFO: {"name":"hua169JK2","amount":350,"api_id":626,"time":"20240721033615","type":1,"before_amount":"119489.00","api_name":"JK","date":"2024-07-21 03:36:15"}  
[2024-07-21 04:14:16] local.INFO: {"name":"hua169JK2","amount":192,"api_id":626,"time":"20240721041416","type":2,"after_money":"119139.00","api_name":"JK","date":"2024-07-21 04:14:16"}  
[2024-07-21 04:14:28] local.INFO: {"name":"hua169JK2","amount":192,"api_id":626,"time":"20240721041428","type":1,"before_amount":"119331.00","api_name":"JK","date":"2024-07-21 04:14:28"}  
[2024-07-21 04:15:49] local.INFO: {"name":"hua169JK2","amount":192,"api_id":626,"time":"20240721041549","type":2,"after_money":"119139.00","api_name":"JK","date":"2024-07-21 04:15:49"}  
[2024-07-21 04:16:04] local.INFO: {"name":"hua169JK2","amount":192,"api_id":626,"time":"20240721041604","type":1,"before_amount":"119331.00","api_name":"JK","date":"2024-07-21 04:16:04"}  
[2024-07-21 04:30:45] local.INFO: {"name":"hua169JK2","amount":237,"api_id":626,"time":"20240721043045","type":2,"after_money":"119139.00","api_name":"JK","date":"2024-07-21 04:30:45"}  
[2024-07-21 04:30:55] local.INFO: {"name":"hua169JK2","amount":236,"api_id":626,"time":"20240721043055","type":1,"before_amount":"119376.00","api_name":"JK","date":"2024-07-21 04:30:55"}  
[2024-07-21 04:33:26] local.INFO: {"name":"hua169JK2","amount":236,"api_id":626,"time":"20240721043326","type":2,"after_money":"119140.00","api_name":"JK","date":"2024-07-21 04:33:26"}  
[2024-07-21 04:35:34] local.INFO: {"name":"hua169JK2","amount":236,"api_id":626,"time":"20240721043534","type":1,"before_amount":"119376.00","api_name":"JK","date":"2024-07-21 04:35:34"}  
[2024-07-21 04:39:36] local.INFO: {"name":"shing3366","amount":"112.79","api_id":286,"time":"20240721043936","type":1,"before_amount":"107924.44","api_name":"JD","date":"2024-07-21 04:39:36"}  
[2024-07-21 04:51:20] local.INFO: {"name":"hua169JK2","amount":206,"api_id":626,"time":"20240721045120","type":2,"after_money":"119140.00","api_name":"JK","date":"2024-07-21 04:51:20"}  
[2024-07-21 04:51:34] local.INFO: {"name":"hua169JK2","amount":206,"api_id":626,"time":"20240721045134","type":1,"before_amount":"119346.00","api_name":"JK","date":"2024-07-21 04:51:34"}  
[2024-07-21 04:52:03] local.INFO: {"name":"hua169JK2","amount":206,"api_id":626,"time":"20240721045203","type":2,"after_money":"119140.00","api_name":"JK","date":"2024-07-21 04:52:03"}  
[2024-07-21 04:52:04] local.INFO: {"name":"hua169JK2","amount":206,"api_id":626,"time":"20240721045204","type":2,"after_money":"119140.00","api_name":"JK","date":"2024-07-21 04:52:04"}  
[2024-07-21 04:52:14] local.INFO: {"name":"hua169JK2","amount":206,"api_id":626,"time":"20240721045214","type":1,"before_amount":"119346.00","api_name":"JK","date":"2024-07-21 04:52:14"}  
[2024-07-21 05:03:07] local.INFO: {"name":"hua169JK2","amount":367,"api_id":626,"time":"20240721050307","type":2,"after_money":"119140.00","api_name":"JK","date":"2024-07-21 05:03:07"}  
[2024-07-21 05:03:21] local.INFO: {"name":"hua169JK2","amount":366,"api_id":626,"time":"20240721050321","type":1,"before_amount":"119507.00","api_name":"JK","date":"2024-07-21 05:03:21"}  
[2024-07-21 05:15:43] local.INFO: {"name":"wm7575JK10","amount":158,"api_id":628,"time":"20240721051543","type":1,"before_amount":"135043.00","api_name":"JK","date":"2024-07-21 05:15:43"}  
[2024-07-21 05:32:16] local.INFO: {"name":"hua169JK2","amount":303,"api_id":626,"time":"20240721053216","type":2,"after_money":"119141.00","api_name":"JK","date":"2024-07-21 05:32:16"}  
[2024-07-21 05:32:16] local.INFO: {"name":"hua169JK2","amount":303,"api_id":626,"time":"20240721053216","type":2,"after_money":"119141.00","api_name":"JK","date":"2024-07-21 05:32:16"}  
[2024-07-21 05:32:16] local.INFO: {"name":"hua169JK2","amount":303,"api_id":626,"time":"20240721053216","type":2,"after_money":"119141.00","api_name":"JK","date":"2024-07-21 05:32:16"}  
[2024-07-21 05:32:16] local.INFO: {"name":"hua169JK2","amount":303,"api_id":626,"time":"20240721053216","type":2,"after_money":"119141.00","api_name":"JK","date":"2024-07-21 05:32:16"}  
[2024-07-21 05:32:16] local.INFO: {"name":"hua169JK2","amount":303,"api_id":626,"time":"20240721053216","type":2,"after_money":"119141.00","api_name":"JK","date":"2024-07-21 05:32:16"}  
[2024-07-21 06:01:09] local.INFO: {"name":"wm7575JK5","amount":8,"api_id":627,"time":"20240721060109","type":2,"after_money":"133167.00","api_name":"JK","date":"2024-07-21 06:01:09"}  
[2024-07-21 06:01:10] local.INFO: {"name":"wm7575JK10","amount":160,"api_id":628,"time":"20240721060110","type":2,"after_money":"134885.00","api_name":"JK","date":"2024-07-21 06:01:10"}  
[2024-07-21 06:01:59] local.INFO: {"name":"wm7575JK10","amount":164,"api_id":628,"time":"20240721060159","type":1,"before_amount":"135045.00","api_name":"JK","date":"2024-07-21 06:01:59"}  
[2024-07-21 06:03:09] local.INFO: {"name":"wm7575JK10","amount":250,"api_id":628,"time":"20240721060309","type":2,"after_money":"134881.00","api_name":"JK","date":"2024-07-21 06:03:09"}  
[2024-07-21 06:03:40] local.INFO: {"name":"wm7575JK10","amount":50,"api_id":628,"time":"20240721060340","type":1,"before_amount":"135131.00","api_name":"JK","date":"2024-07-21 06:03:40"}  
[2024-07-21 06:08:19] local.INFO: {"name":"wm7575JK20","amount":100,"api_id":650,"time":"20240721060819","type":1,"before_amount":"137962.00","api_name":"JK","date":"2024-07-21 06:08:19"}  
[2024-07-21 06:17:16] local.INFO: {"name":"wm7575JK10","amount":35,"api_id":628,"time":"20240721061716","type":2,"after_money":"135081.00","api_name":"JK","date":"2024-07-21 06:17:16"}  
[2024-07-21 06:17:23] local.INFO: {"name":"wm7575JK20","amount":13,"api_id":650,"time":"20240721061723","type":2,"after_money":"137862.00","api_name":"JK","date":"2024-07-21 06:17:23"}  
[2024-07-21 06:22:54] local.INFO: {"name":"hua169JK2","amount":62,"api_id":626,"time":"20240721062254","type":1,"before_amount":"119444.00","api_name":"JK","date":"2024-07-21 06:22:54"}  
[2024-07-21 06:25:42] local.INFO: {"name":"wm7575JK10","amount":60,"api_id":628,"time":"20240721062542","type":1,"before_amount":"135116.00","api_name":"JK","date":"2024-07-21 06:25:42"}  
[2024-07-21 06:40:05] local.INFO: {"name":"wm7575JK10","amount":283,"api_id":628,"time":"20240721064004","type":2,"after_money":"135056.00","api_name":"JK","date":"2024-07-21 06:40:04"}  
[2024-07-21 06:42:03] local.INFO: {"name":"wm7575JK10","amount":82,"api_id":628,"time":"20240721064203","type":1,"before_amount":"135339.00","api_name":"JK","date":"2024-07-21 06:42:03"}  
[2024-07-21 06:42:55] local.INFO: {"name":"wm7575JK10","amount":74,"api_id":628,"time":"20240721064255","type":2,"after_money":"135257.00","api_name":"JK","date":"2024-07-21 06:42:55"}  
[2024-07-21 06:43:25] local.INFO: {"name":"wm7575JK10","amount":74,"api_id":628,"time":"20240721064325","type":1,"before_amount":"135331.00","api_name":"JK","date":"2024-07-21 06:43:25"}  
[2024-07-21 06:50:00] local.INFO: {"name":"wm7575JK10","amount":200,"api_id":628,"time":"20240721065000","type":2,"after_money":"135257.00","api_name":"JK","date":"2024-07-21 06:50:00"}  
[2024-07-21 07:02:04] local.INFO: {"name":"hua169","amount":"0.40","api_id":286,"time":"20240721070204","type":1,"before_amount":"107811.65","api_name":"JD","date":"2024-07-21 07:02:04"}  
[2024-07-21 07:02:07] local.INFO: {"name":"hua169","amount":"0.40","api_id":286,"time":"20240721070207","type":1,"before_amount":"107811.65","api_name":"JD","date":"2024-07-21 07:02:07"}  
[2024-07-21 07:11:31] local.INFO: {"name":"hua169","amount":"120.61","api_id":286,"time":"20240721071131","type":1,"before_amount":"107811.65","api_name":"JD","date":"2024-07-21 07:11:31"}  
[2024-07-21 07:39:25] local.INFO: {"name":"irene825","amount":"50","api_id":286,"time":"20240721073925","type":1,"before_amount":"107691.04","api_name":"JD","date":"2024-07-21 07:39:25"}  
[2024-07-21 07:46:50] local.INFO: {"name":"hua169","amount":153,"api_id":286,"time":"20240721074650","type":2,"after_money":"107641.04","api_name":"JD","date":"2024-07-21 07:46:50"}  
[2024-07-21 07:46:50] local.INFO: {"name":"hua169","amount":153,"api_id":286,"time":"20240721074650","type":2,"after_money":"107641.04","api_name":"JD","date":"2024-07-21 07:46:50"}  
[2024-07-21 07:47:03] local.INFO: {"name":"hua169","amount":"153.61","api_id":286,"time":"20240721074703","type":1,"before_amount":"107794.04","api_name":"JD","date":"2024-07-21 07:47:03"}  
[2024-07-21 07:52:33] local.INFO: {"name":"irene825","amount":"100.32","api_id":272,"time":"20240721075233","type":1,"before_amount":"119884.69","api_name":"CQ","date":"2024-07-21 07:52:33"}  
[2024-07-21 08:43:14] local.INFO: {"name":"shing3366","amount":"74.33","api_id":286,"time":"20240721084314","type":1,"before_amount":"107640.43","api_name":"JD","date":"2024-07-21 08:43:14"}  
[2024-07-21 10:10:09] local.INFO: {"name":"shing3366","amount":"105.86","api_id":286,"time":"20240721101009","type":1,"before_amount":"107566.10","api_name":"JD","date":"2024-07-21 10:10:09"}  
[2024-07-21 10:51:33] local.INFO: {"name":"ttw1224JK2","amount":50,"api_id":626,"time":"20240721105133","type":1,"before_amount":"119382.00","api_name":"JK","date":"2024-07-21 10:51:33"}  
[2024-07-21 11:16:47] local.INFO: {"name":"samsam89","amount":"50","api_id":286,"time":"20240721111647","type":1,"before_amount":"107460.24","api_name":"JD","date":"2024-07-21 11:16:47"}  
[2024-07-21 11:21:37] local.INFO: {"name":"lotus8585","amount":"52.65","api_id":298,"time":"20240721112137","type":1,"before_amount":"57406.61","api_name":"PG","date":"2024-07-21 11:21:37"}  
[2024-07-21 11:28:59] local.INFO: {"name":"samsam89","amount":"51.30","api_id":298,"time":"20240721112859","type":1,"before_amount":"57353.96","api_name":"PG","date":"2024-07-21 11:28:59"}  
[2024-07-21 11:30:19] local.INFO: {"name":"t197112","amount":"111.45","api_id":298,"time":"20240721113019","type":1,"before_amount":"57302.66","api_name":"PG","date":"2024-07-21 11:30:19"}  
[2024-07-21 11:30:53] local.INFO: {"name":"lotus8585","amount":"0.65","api_id":257,"time":"20240721113053","type":1,"before_amount":"136599.63","api_name":"ST","date":"2024-07-21 11:30:53"}  
[2024-07-21 11:31:02] local.INFO: {"name":"lotus8585","amount":"0.65","api_id":286,"time":"20240721113102","type":1,"before_amount":"107410.24","api_name":"JD","date":"2024-07-21 11:31:02"}  
[2024-07-21 11:31:12] local.INFO: {"name":"ttw1224JK2","amount":355,"api_id":626,"time":"20240721113112","type":2,"after_money":"119332.00","api_name":"JK","date":"2024-07-21 11:31:12"}  
[2024-07-21 11:31:55] local.INFO: {"name":"ttw1224JK5","amount":60,"api_id":627,"time":"20240721113155","type":1,"before_amount":"133175.00","api_name":"JK","date":"2024-07-21 11:31:55"}  
[2024-07-21 11:36:51] local.INFO: {"name":"lotus8585JK2","amount":50,"api_id":626,"time":"20240721113651","type":1,"before_amount":"119687.00","api_name":"JK","date":"2024-07-21 11:36:51"}  
[2024-07-21 11:38:24] local.INFO: {"name":"lotus8585JK2","amount":50,"api_id":626,"time":"20240721113824","type":2,"after_money":"119637.00","api_name":"JK","date":"2024-07-21 11:38:24"}  
[2024-07-21 11:38:34] local.INFO: {"name":"lotus8585","amount":"50.77","api_id":272,"time":"20240721113834","type":1,"before_amount":"119784.37","api_name":"CQ","date":"2024-07-21 11:38:34"}  
[2024-07-21 11:40:49] local.INFO: {"name":"samsam89","amount":111,"api_id":298,"time":"20240721114049","type":2,"after_money":"57191.21","api_name":"PG","date":"2024-07-21 11:40:49"}  
[2024-07-21 11:40:50] local.INFO: {"name":"samsam89","amount":111,"api_id":298,"time":"20240721114050","type":2,"after_money":"57191.21","api_name":"PG","date":"2024-07-21 11:40:50"}  
[2024-07-21 11:40:50] local.INFO: {"name":"samsam89","amount":111,"api_id":298,"time":"20240721114050","type":2,"after_money":"57191.21","api_name":"PG","date":"2024-07-21 11:40:50"}  
[2024-07-21 11:40:50] local.INFO: {"name":"samsam89","amount":111,"api_id":298,"time":"20240721114050","type":2,"after_money":"57191.21","api_name":"PG","date":"2024-07-21 11:40:50"}  
[2024-07-21 11:40:55] local.INFO: {"name":"samsam89","amount":"50","api_id":298,"time":"20240721114055","type":1,"before_amount":"57302.21","api_name":"PG","date":"2024-07-21 11:40:55"}  
[2024-07-21 11:54:06] local.INFO: {"name":"irene825","amount":3,"api_id":272,"time":"20240721115406","type":2,"after_money":"119733.60","api_name":"CQ","date":"2024-07-21 11:54:06"}  
[2024-07-21 11:54:06] local.INFO: {"name":"irene825","amount":3,"api_id":272,"time":"20240721115406","type":2,"after_money":"119733.60","api_name":"CQ","date":"2024-07-21 11:54:06"}  
[2024-07-21 11:54:06] local.INFO: {"name":"irene825","amount":3,"api_id":272,"time":"20240721115406","type":2,"after_money":"119733.60","api_name":"CQ","date":"2024-07-21 11:54:06"}  
[2024-07-21 11:54:06] local.INFO: {"name":"irene825","amount":3,"api_id":272,"time":"20240721115406","type":2,"after_money":"119733.60","api_name":"CQ","date":"2024-07-21 11:54:06"}  
[2024-07-21 12:04:25] local.INFO: {"name":"samsam89","amount":206,"api_id":298,"time":"20240721120425","type":2,"after_money":"57252.21","api_name":"PG","date":"2024-07-21 12:04:25"}  
[2024-07-21 12:06:19] local.INFO: {"name":"samsam89","amount":"50","api_id":298,"time":"20240721120619","type":1,"before_amount":"57458.21","api_name":"PG","date":"2024-07-21 12:06:19"}  
[2024-07-21 12:09:55] local.INFO: {"name":"samsam89","amount":"50","api_id":298,"time":"20240721120955","type":1,"before_amount":"57408.21","api_name":"PG","date":"2024-07-21 12:09:55"}  
[2024-07-21 12:16:18] local.INFO: {"name":"samsam89","amount":"50","api_id":286,"time":"20240721121618","type":1,"before_amount":"107410.24","api_name":"JD","date":"2024-07-21 12:16:18"}  
[2024-07-21 12:19:08] local.INFO: {"name":"samsam89","amount":"58","api_id":298,"time":"20240721121908","type":1,"before_amount":"57358.21","api_name":"PG","date":"2024-07-21 12:19:08"}  
[2024-07-21 12:21:52] local.INFO: {"name":"samsam89","amount":"59.30","api_id":298,"time":"20240721122152","type":1,"before_amount":"57300.21","api_name":"PG","date":"2024-07-21 12:21:52"}  
[2024-07-21 12:24:02] local.INFO: {"name":"shing3366","amount":"117.35","api_id":286,"time":"20240721122402","type":1,"before_amount":"107360.24","api_name":"JD","date":"2024-07-21 12:24:02"}  
[2024-07-21 12:25:38] local.INFO: {"name":"samsam89","amount":"8.57","api_id":286,"time":"20240721122538","type":1,"before_amount":"107242.89","api_name":"JD","date":"2024-07-21 12:25:38"}  
[2024-07-21 12:28:56] local.INFO: {"name":"t197112","amount":"100.64","api_id":298,"time":"20240721122856","type":1,"before_amount":"57240.91","api_name":"PG","date":"2024-07-21 12:28:56"}  
[2024-07-21 12:31:41] local.INFO: {"name":"ttw1224JK5","amount":40,"api_id":627,"time":"20240721123141","type":1,"before_amount":"133115.00","api_name":"JK","date":"2024-07-21 12:31:41"}  
[2024-07-21 12:32:48] local.INFO: {"name":"kaaa1216","amount":"100.80","api_id":298,"time":"20240721123248","type":1,"before_amount":"57140.27","api_name":"PG","date":"2024-07-21 12:32:48"}  
[2024-07-21 12:37:01] local.INFO: {"name":"t197112","amount":78,"api_id":298,"time":"20240721123701","type":2,"after_money":"57039.47","api_name":"PG","date":"2024-07-21 12:37:01"}  
[2024-07-21 12:37:07] local.INFO: {"name":"t197112","amount":"78.64","api_id":298,"time":"20240721123707","type":1,"before_amount":"57117.47","api_name":"PG","date":"2024-07-21 12:37:07"}  
[2024-07-21 13:44:56] local.INFO: {"name":"ice28x88JK2","amount":100,"api_id":626,"time":"20240721134456","type":1,"before_amount":"119687.00","api_name":"JK","date":"2024-07-21 13:44:56"}  
[2024-07-21 13:59:49] local.INFO: {"name":"shing3366JK2","amount":52,"api_id":626,"time":"20240721135949","type":1,"before_amount":"119587.00","api_name":"JK","date":"2024-07-21 13:59:49"}  
[2024-07-21 14:11:47] local.INFO: {"name":"eliseccy","amount":"14.47","api_id":298,"time":"20240721141147","type":1,"before_amount":"57038.83","api_name":"PG","date":"2024-07-21 14:11:47"}  
[2024-07-21 14:14:39] local.INFO: {"name":"ttw1224JK5","amount":200,"api_id":627,"time":"20240721141439","type":2,"after_money":"133075.00","api_name":"JK","date":"2024-07-21 14:14:39"}  
[2024-07-21 15:04:04] local.INFO: {"name":"kaaa1216","amount":"35.42","api_id":286,"time":"20240721150404","type":1,"before_amount":"107234.32","api_name":"JD","date":"2024-07-21 15:04:04"}  
[2024-07-21 15:09:10] local.INFO: {"name":"terry0729JK2","amount":100,"api_id":626,"time":"20240721150910","type":1,"before_amount":"119535.00","api_name":"JK","date":"2024-07-21 15:09:10"}  
[2024-07-21 15:11:12] local.INFO: {"name":"terry0729JK2","amount":0,"api_id":626,"time":"20240721151112","type":1,"before_amount":"119435.00","api_name":"JK","date":"2024-07-21 15:11:12"}  
[2024-07-21 15:11:19] local.INFO: {"name":"terry0729JK2","amount":100,"api_id":626,"time":"20240721151119","type":2,"after_money":"119435.00","api_name":"JK","date":"2024-07-21 15:11:19"}  
[2024-07-21 15:11:27] local.INFO: {"name":"terry0729JK2","amount":100,"api_id":626,"time":"20240721151127","type":1,"before_amount":"119535.00","api_name":"JK","date":"2024-07-21 15:11:27"}  
[2024-07-21 15:14:12] local.INFO: {"name":"terry0729JK2","amount":100,"api_id":626,"time":"20240721151412","type":2,"after_money":"119435.00","api_name":"JK","date":"2024-07-21 15:14:12"}  
[2024-07-21 15:14:17] local.INFO: {"name":"terry0729JK2","amount":100,"api_id":626,"time":"20240721151417","type":1,"before_amount":"119535.00","api_name":"JK","date":"2024-07-21 15:14:17"}  
[2024-07-21 15:19:18] local.INFO: {"name":"samsam89","amount":"50.66","api_id":286,"time":"20240721151918","type":1,"before_amount":"107198.90","api_name":"JD","date":"2024-07-21 15:19:18"}  
[2024-07-21 15:38:17] local.INFO: {"name":"ttw1224JK2","amount":54,"api_id":626,"time":"20240721153817","type":1,"before_amount":"119435.00","api_name":"JK","date":"2024-07-21 15:38:17"}  
[2024-07-21 15:43:19] local.INFO: {"name":"samsam89","amount":12,"api_id":286,"time":"20240721154319","type":2,"after_money":"107148.24","api_name":"JD","date":"2024-07-21 15:43:19"}  
[2024-07-21 15:43:20] local.INFO: {"name":"samsam89","amount":12,"api_id":286,"time":"20240721154320","type":2,"after_money":"107148.24","api_name":"JD","date":"2024-07-21 15:43:20"}  
[2024-07-21 15:43:30] local.INFO: {"name":"samsam89","amount":"12.66","api_id":298,"time":"20240721154330","type":1,"before_amount":"57024.36","api_name":"PG","date":"2024-07-21 15:43:30"}  
[2024-07-21 15:50:50] local.INFO: {"name":"samsam89","amount":"3.23","api_id":298,"time":"20240721155050","type":1,"before_amount":"57011.70","api_name":"PG","date":"2024-07-21 15:50:50"}  
[2024-07-21 15:59:39] local.INFO: {"name":"terry0729","amount":"0.13","api_id":272,"time":"20240721155939","type":1,"before_amount":"119736.60","api_name":"CQ","date":"2024-07-21 15:59:39"}  
[2024-07-21 15:59:46] local.INFO: {"name":"terry0729","amount":"0.13","api_id":272,"time":"20240721155946","type":1,"before_amount":"119736.60","api_name":"CQ","date":"2024-07-21 15:59:46"}  
[2024-07-21 16:02:53] local.INFO: {"name":"terry0729","amount":"0.13","api_id":272,"time":"20240721160253","type":1,"before_amount":"119736.60","api_name":"CQ","date":"2024-07-21 16:02:53"}  
[2024-07-21 16:03:26] local.INFO: {"name":"terry0729JK2","amount":0,"api_id":626,"time":"20240721160326","type":1,"before_amount":"119381.00","api_name":"JK","date":"2024-07-21 16:03:26"}  
[2024-07-21 16:57:27] local.INFO: {"name":"samsam89","amount":"50","api_id":298,"time":"20240721165727","type":1,"before_amount":"57013.61","api_name":"PG","date":"2024-07-21 16:57:27"}  
[2024-07-21 17:00:46] local.INFO: {"name":"samsam89","amount":"100.32","api_id":298,"time":"20240721170046","type":1,"before_amount":"56963.61","api_name":"PG","date":"2024-07-21 17:00:46"}  
[2024-07-21 17:10:06] local.INFO: {"name":"samsam89","amount":12,"api_id":298,"time":"20240721171006","type":2,"after_money":"56863.29","api_name":"PG","date":"2024-07-21 17:10:06"}  
[2024-07-21 17:10:07] local.INFO: {"name":"samsam89","amount":12,"api_id":298,"time":"20240721171007","type":2,"after_money":"56863.29","api_name":"PG","date":"2024-07-21 17:10:07"}  
[2024-07-21 17:10:11] local.INFO: {"name":"samsam89","amount":"12.32","api_id":286,"time":"20240721171011","type":1,"before_amount":"107160.24","api_name":"JD","date":"2024-07-21 17:10:11"}  
[2024-07-21 17:20:40] local.INFO: {"name":"samsam89","amount":"2.05","api_id":298,"time":"20240721172040","type":1,"before_amount":"56875.29","api_name":"PG","date":"2024-07-21 17:20:40"}  
[2024-07-21 18:37:38] local.INFO: {"name":"wm7575JK5","amount":106,"api_id":627,"time":"20240721183738","type":1,"before_amount":"133275.00","api_name":"JK","date":"2024-07-21 18:37:38"}  
[2024-07-21 19:19:57] local.INFO: {"name":"wm7575JK10","amount":50,"api_id":628,"time":"20240721191957","type":1,"before_amount":"135457.00","api_name":"JK","date":"2024-07-21 19:19:57"}  
[2024-07-21 19:41:38] local.INFO: {"name":"ttw1224JK2","amount":50,"api_id":626,"time":"20240721194138","type":1,"before_amount":"119381.00","api_name":"JK","date":"2024-07-21 19:41:38"}  
[2024-07-21 20:05:34] local.INFO: {"name":"ttw1224JK2","amount":50,"api_id":626,"time":"20240721200534","type":1,"before_amount":"119331.00","api_name":"JK","date":"2024-07-21 20:05:34"}  
[2024-07-21 20:07:19] local.INFO: {"name":"shing3366","amount":"110.13","api_id":286,"time":"20240721200719","type":1,"before_amount":"107147.92","api_name":"JD","date":"2024-07-21 20:07:19"}  
[2024-07-21 20:13:31] local.INFO: {"name":"samsam89","amount":"50","api_id":298,"time":"20240721201331","type":1,"before_amount":"56873.61","api_name":"PG","date":"2024-07-21 20:13:31"}  
[2024-07-21 20:21:21] local.INFO: {"name":"samsam89","amount":"50","api_id":298,"time":"20240721202121","type":1,"before_amount":"56823.61","api_name":"PG","date":"2024-07-21 20:21:21"}  
[2024-07-21 20:35:18] local.INFO: {"name":"ttw1224","amount":"50.37","api_id":298,"time":"20240721203518","type":1,"before_amount":"56773.61","api_name":"PG","date":"2024-07-21 20:35:18"}  
[2024-07-21 20:36:00] local.INFO: {"name":"samsam89","amount":"50.12","api_id":286,"time":"20240721203600","type":1,"before_amount":"107037.79","api_name":"JD","date":"2024-07-21 20:36:00"}  
[2024-07-21 20:40:32] local.INFO: {"name":"ice28x88","amount":"100.66","api_id":298,"time":"20240721204032","type":1,"before_amount":"56723.24","api_name":"PG","date":"2024-07-21 20:40:32"}  
[2024-07-21 20:41:25] local.INFO: {"name":"samsam89","amount":32,"api_id":286,"time":"20240721204125","type":2,"after_money":"106987.67","api_name":"JD","date":"2024-07-21 20:41:25"}  
[2024-07-21 20:41:27] local.INFO: {"name":"ice28x88","amount":100,"api_id":298,"time":"20240721204127","type":2,"after_money":"56622.58","api_name":"PG","date":"2024-07-21 20:41:27"}  
[2024-07-21 20:41:28] local.INFO: {"name":"ice28x88","amount":100,"api_id":298,"time":"20240721204128","type":2,"after_money":"56622.58","api_name":"PG","date":"2024-07-21 20:41:28"}  
[2024-07-21 20:41:31] local.INFO: {"name":"samsam89","amount":"32.12","api_id":298,"time":"20240721204131","type":1,"before_amount":"56722.58","api_name":"PG","date":"2024-07-21 20:41:31"}  
[2024-07-21 20:41:34] local.INFO: {"name":"ice28x88","amount":"100.66","api_id":298,"time":"20240721204134","type":1,"before_amount":"56690.46","api_name":"PG","date":"2024-07-21 20:41:34"}  
[2024-07-21 20:53:13] local.INFO: {"name":"shing3366","amount":"52.77","api_id":272,"time":"20240721205313","type":1,"before_amount":"119736.60","api_name":"CQ","date":"2024-07-21 20:53:13"}  
[2024-07-21 21:01:20] local.INFO: {"name":"wm7575JK10","amount":70,"api_id":628,"time":"20240721210120","type":1,"before_amount":"135407.00","api_name":"JK","date":"2024-07-21 21:01:20"}  
[2024-07-21 21:14:34] local.INFO: {"name":"wm7575JK10","amount":50,"api_id":628,"time":"20240721211434","type":1,"before_amount":"135337.00","api_name":"JK","date":"2024-07-21 21:14:34"}  
[2024-07-21 21:14:59] local.INFO: {"name":"wm7575JK10","amount":50,"api_id":628,"time":"20240721211459","type":2,"after_money":"135287.00","api_name":"JK","date":"2024-07-21 21:14:59"}  
[2024-07-21 21:15:10] local.INFO: {"name":"wm7575JK10","amount":50,"api_id":628,"time":"20240721211510","type":1,"before_amount":"135337.00","api_name":"JK","date":"2024-07-21 21:15:10"}  
[2024-07-21 21:19:45] local.INFO: {"name":"samsam89","amount":"5.16","api_id":298,"time":"20240721211945","type":1,"before_amount":"56591.61","api_name":"PG","date":"2024-07-21 21:19:45"}  
[2024-07-21 21:38:53] local.INFO: {"name":"wm7575JK2","amount":72,"api_id":626,"time":"20240721213853","type":1,"before_amount":"119281.00","api_name":"JK","date":"2024-07-21 21:38:53"}  
[2024-07-21 21:44:52] local.INFO: {"name":"wm7575JK10","amount":80,"api_id":628,"time":"20240721214452","type":1,"before_amount":"135287.00","api_name":"JK","date":"2024-07-21 21:44:52"}  
[2024-07-21 21:49:39] local.INFO: {"name":"wm7575JK10","amount":100,"api_id":628,"time":"20240721214939","type":1,"before_amount":"135207.00","api_name":"JK","date":"2024-07-21 21:49:39"}  
[2024-07-21 21:53:29] local.INFO: {"name":"wm7575JK10","amount":100,"api_id":628,"time":"20240721215329","type":1,"before_amount":"135107.00","api_name":"JK","date":"2024-07-21 21:53:29"}  
[2024-07-21 21:57:45] local.INFO: {"name":"wm7575JK10","amount":100,"api_id":628,"time":"20240721215745","type":1,"before_amount":"135007.00","api_name":"JK","date":"2024-07-21 21:57:45"}  
[2024-07-21 22:02:35] local.INFO: {"name":"wm7575JK10","amount":100,"api_id":628,"time":"20240721220235","type":1,"before_amount":"134907.00","api_name":"JK","date":"2024-07-21 22:02:35"}  
[2024-07-21 22:06:39] local.INFO: {"name":"wm7575JK10","amount":100,"api_id":628,"time":"20240721220639","type":1,"before_amount":"134807.00","api_name":"JK","date":"2024-07-21 22:06:39"}  
[2024-07-21 22:07:39] local.INFO: {"name":"wm7575JK10","amount":100,"api_id":628,"time":"20240721220739","type":2,"after_money":"134707.00","api_name":"JK","date":"2024-07-21 22:07:39"}  
[2024-07-21 22:07:48] local.INFO: {"name":"wm7575JK10","amount":100,"api_id":628,"time":"20240721220748","type":1,"before_amount":"134807.00","api_name":"JK","date":"2024-07-21 22:07:48"}  
[2024-07-21 22:08:42] local.INFO: {"name":"wm7575JK10","amount":100,"api_id":628,"time":"20240721220842","type":2,"after_money":"134707.00","api_name":"JK","date":"2024-07-21 22:08:42"}  
[2024-07-21 22:08:50] local.INFO: {"name":"wm7575JK10","amount":100,"api_id":628,"time":"20240721220850","type":1,"before_amount":"134807.00","api_name":"JK","date":"2024-07-21 22:08:50"}  
[2024-07-21 22:16:22] local.INFO: {"name":"ice28x88JK2","amount":100,"api_id":626,"time":"20240721221622","type":1,"before_amount":"119209.00","api_name":"JK","date":"2024-07-21 22:16:22"}  
[2024-07-21 22:17:05] local.INFO: {"name":"ice28x88JK2","amount":100,"api_id":626,"time":"20240721221705","type":2,"after_money":"119109.00","api_name":"JK","date":"2024-07-21 22:17:05"}  
[2024-07-21 22:17:16] local.INFO: {"name":"ice28x88JK2","amount":100,"api_id":626,"time":"20240721221716","type":1,"before_amount":"119209.00","api_name":"JK","date":"2024-07-21 22:17:16"}  
[2024-07-21 22:17:19] local.INFO: {"name":"wm7575JK20","amount":66,"api_id":650,"time":"20240721221719","type":1,"before_amount":"137875.00","api_name":"JK","date":"2024-07-21 22:17:19"}  
[2024-07-21 22:23:37] local.INFO: {"name":"wm7575JK20","amount":50,"api_id":650,"time":"20240721222337","type":1,"before_amount":"137809.00","api_name":"JK","date":"2024-07-21 22:23:37"}  
[2024-07-21 22:26:34] local.INFO: {"name":"winwin163","amount":"200.28","api_id":298,"time":"20240721222634","type":1,"before_amount":"56586.61","api_name":"PG","date":"2024-07-21 22:26:34"}  
[2024-07-21 22:29:25] local.INFO: {"name":"ice28x88JK2","amount":95,"api_id":626,"time":"20240721222925","type":2,"after_money":"119109.00","api_name":"JK","date":"2024-07-21 22:29:25"}  
[2024-07-21 22:29:44] local.INFO: {"name":"ice28x88","amount":"95.79","api_id":298,"time":"20240721222944","type":1,"before_amount":"56386.33","api_name":"PG","date":"2024-07-21 22:29:44"}  
[2024-07-21 22:43:50] local.INFO: {"name":"wm7575JK20","amount":50,"api_id":650,"time":"20240721224350","type":1,"before_amount":"137759.00","api_name":"JK","date":"2024-07-21 22:43:50"}  
[2024-07-21 22:48:53] local.INFO: {"name":"wm7575JK20","amount":50,"api_id":650,"time":"20240721224853","type":1,"before_amount":"137709.00","api_name":"JK","date":"2024-07-21 22:48:53"}  
[2024-07-21 22:49:38] local.INFO: {"name":"wm7575JK20","amount":50,"api_id":650,"time":"20240721224938","type":2,"after_money":"137659.00","api_name":"JK","date":"2024-07-21 22:49:38"}  
[2024-07-21 22:49:42] local.INFO: {"name":"wm7575JK20","amount":50,"api_id":650,"time":"20240721224942","type":1,"before_amount":"137709.00","api_name":"JK","date":"2024-07-21 22:49:42"}  
[2024-07-21 22:51:54] local.INFO: {"name":"eliseccy","amount":"100.62","api_id":298,"time":"20240721225154","type":1,"before_amount":"56291.61","api_name":"PG","date":"2024-07-21 22:51:54"}  
[2024-07-21 22:53:44] local.INFO: {"name":"wm7575JK2","amount":82,"api_id":626,"time":"20240721225344","type":1,"before_amount":"119204.00","api_name":"JK","date":"2024-07-21 22:53:44"}  
[2024-07-21 23:06:16] local.INFO: {"name":"wm7575JK20","amount":50,"api_id":650,"time":"20240721230616","type":1,"before_amount":"137659.00","api_name":"JK","date":"2024-07-21 23:06:16"}  
[2024-07-21 23:07:24] local.INFO: {"name":"wm7575JK20","amount":50,"api_id":650,"time":"20240721230724","type":2,"after_money":"137609.00","api_name":"JK","date":"2024-07-21 23:07:24"}  
[2024-07-21 23:07:29] local.INFO: {"name":"wm7575JK20","amount":50,"api_id":650,"time":"20240721230729","type":1,"before_amount":"137659.00","api_name":"JK","date":"2024-07-21 23:07:29"}  
[2024-07-21 23:32:17] local.INFO: {"name":"shing3366JK2","amount":52,"api_id":626,"time":"20240721233217","type":1,"before_amount":"119122.00","api_name":"JK","date":"2024-07-21 23:32:17"}  
