[2024-07-24 00:09:59] local.INFO: {"name":"nana888JK2","amount":2,"api_id":626,"time":"20240724000959","type":1,"before_amount":"121840.00","api_name":"JK","date":"2024-07-24 00:09:59"}  
[2024-07-24 00:34:09] local.INFO: {"name":"sing8888","amount":"28.05","api_id":298,"time":"20240724003409","type":1,"before_amount":"57734.07","api_name":"PG","date":"2024-07-24 00:34:09"}  
[2024-07-24 00:40:57] local.INFO: {"name":"uko1986","amount":"7.45","api_id":298,"time":"20240724004057","type":1,"before_amount":"57706.02","api_name":"PG","date":"2024-07-24 00:40:57"}  
[2024-07-24 00:41:01] local.INFO: {"name":"kaaa1216","amount":"10.64","api_id":298,"time":"20240724004101","type":1,"before_amount":"57698.57","api_name":"PG","date":"2024-07-24 00:41:01"}  
[2024-07-24 00:41:50] local.INFO: {"name":"samsam89","amount":"59.12","api_id":298,"time":"20240724004150","type":1,"before_amount":"57687.93","api_name":"PG","date":"2024-07-24 00:41:50"}  
[2024-07-24 00:44:17] local.INFO: {"name":"wm7575JK10","amount":106,"api_id":628,"time":"20240724004417","type":1,"before_amount":"134464.00","api_name":"JK","date":"2024-07-24 00:44:17"}  
[2024-07-24 00:45:23] local.INFO: {"name":"wm7575JK10","amount":106,"api_id":628,"time":"20240724004523","type":2,"after_money":"134358.00","api_name":"JK","date":"2024-07-24 00:45:23"}  
[2024-07-24 00:45:39] local.INFO: {"name":"wm7575JK10","amount":106,"api_id":628,"time":"20240724004539","type":1,"before_amount":"134464.00","api_name":"JK","date":"2024-07-24 00:45:39"}  
[2024-07-24 00:45:53] local.INFO: {"name":"uko1986","amount":"0.54","api_id":298,"time":"20240724004553","type":1,"before_amount":"57628.81","api_name":"PG","date":"2024-07-24 00:45:53"}  
[2024-07-24 00:45:56] local.INFO: {"name":"uko1986","amount":"0.54","api_id":298,"time":"20240724004556","type":1,"before_amount":"57628.81","api_name":"PG","date":"2024-07-24 00:45:56"}  
[2024-07-24 01:03:54] local.INFO: {"name":"nana888JK2","amount":30,"api_id":626,"time":"20240724010354","type":1,"before_amount":"121838.00","api_name":"JK","date":"2024-07-24 01:03:54"}  
[2024-07-24 01:28:58] local.INFO: {"name":"wm7575JK2","amount":36,"api_id":626,"time":"20240724012858","type":1,"before_amount":"121808.00","api_name":"JK","date":"2024-07-24 01:28:58"}  
[2024-07-24 01:35:59] local.INFO: {"name":"ice28x88","amount":"25.55","api_id":298,"time":"20240724013559","type":1,"before_amount":"57628.81","api_name":"PG","date":"2024-07-24 01:35:59"}  
[2024-07-24 02:31:38] local.INFO: {"name":"wm7575JK2","amount":50,"api_id":626,"time":"20240724023138","type":1,"before_amount":"121772.00","api_name":"JK","date":"2024-07-24 02:31:38"}  
[2024-07-24 02:32:33] local.INFO: {"name":"t197112","amount":1,"api_id":286,"time":"20240724023233","type":2,"after_money":"107860.02","api_name":"JD","date":"2024-07-24 02:32:33"}  
[2024-07-24 02:33:03] local.INFO: {"name":"t197112JK2","amount":132,"api_id":626,"time":"20240724023303","type":1,"before_amount":"121722.00","api_name":"JK","date":"2024-07-24 02:33:03"}  
[2024-07-24 02:48:55] local.INFO: {"name":"t197112JK2","amount":300,"api_id":626,"time":"20240724024855","type":2,"after_money":"121590.00","api_name":"JK","date":"2024-07-24 02:48:55"}  
[2024-07-24 02:49:04] local.INFO: {"name":"t197112JK2","amount":300,"api_id":626,"time":"20240724024904","type":1,"before_amount":"121890.00","api_name":"JK","date":"2024-07-24 02:49:04"}  
[2024-07-24 02:50:10] local.INFO: {"name":"nana888JK2","amount":2,"api_id":626,"time":"20240724025010","type":1,"before_amount":"121590.00","api_name":"JK","date":"2024-07-24 02:50:10"}  
[2024-07-24 02:55:29] local.INFO: {"name":"sing8888","amount":"50.15","api_id":298,"time":"20240724025529","type":1,"before_amount":"57603.26","api_name":"PG","date":"2024-07-24 02:55:29"}  
[2024-07-24 03:04:33] local.INFO: {"name":"t197112JK2","amount":332,"api_id":626,"time":"20240724030433","type":2,"after_money":"121588.00","api_name":"JK","date":"2024-07-24 03:04:33"}  
[2024-07-24 03:04:46] local.INFO: {"name":"t197112JK2","amount":332,"api_id":626,"time":"20240724030446","type":1,"before_amount":"121920.00","api_name":"JK","date":"2024-07-24 03:04:46"}  
[2024-07-24 03:11:28] local.INFO: {"name":"wm7575JK2","amount":2,"api_id":626,"time":"20240724031128","type":1,"before_amount":"121588.00","api_name":"JK","date":"2024-07-24 03:11:28"}  
[2024-07-24 03:23:44] local.INFO: {"name":"t197112","amount":"100.19","api_id":298,"time":"20240724032344","type":1,"before_amount":"57553.11","api_name":"PG","date":"2024-07-24 03:23:44"}  
[2024-07-24 03:56:10] local.INFO: {"name":"sing8888","amount":"50.25","api_id":298,"time":"20240724035610","type":1,"before_amount":"57452.92","api_name":"PG","date":"2024-07-24 03:56:10"}  
[2024-07-24 04:37:21] local.INFO: {"name":"ice28x88","amount":1,"api_id":298,"time":"20240724043721","type":2,"after_money":"57402.67","api_name":"PG","date":"2024-07-24 04:37:21"}  
[2024-07-24 04:44:51] local.INFO: {"name":"ice28x88","amount":"101.73","api_id":298,"time":"20240724044451","type":1,"before_amount":"57403.67","api_name":"PG","date":"2024-07-24 04:44:51"}  
[2024-07-24 04:46:33] local.INFO: {"name":"sing8888JK2","amount":50,"api_id":626,"time":"20240724044633","type":1,"before_amount":"121586.00","api_name":"JK","date":"2024-07-24 04:46:33"}  
[2024-07-24 05:08:33] local.INFO: {"name":"t197112JK2","amount":100,"api_id":626,"time":"20240724050833","type":1,"before_amount":"121536.00","api_name":"JK","date":"2024-07-24 05:08:33"}  
[2024-07-24 05:30:23] local.INFO: {"name":"wm7575JK2","amount":100,"api_id":626,"time":"20240724053023","type":1,"before_amount":"121436.00","api_name":"JK","date":"2024-07-24 05:30:23"}  
[2024-07-24 05:34:45] local.INFO: {"name":"t197112JK2","amount":100,"api_id":626,"time":"20240724053445","type":1,"before_amount":"121336.00","api_name":"JK","date":"2024-07-24 05:34:45"}  
[2024-07-24 05:37:42] local.INFO: {"name":"wm7575JK2","amount":50,"api_id":626,"time":"20240724053742","type":1,"before_amount":"121236.00","api_name":"JK","date":"2024-07-24 05:37:42"}  
[2024-07-24 05:55:50] local.INFO: {"name":"kk4446","amount":"50","api_id":298,"time":"20240724055550","type":1,"before_amount":"57301.94","api_name":"PG","date":"2024-07-24 05:55:50"}  
[2024-07-24 06:45:52] local.INFO: {"name":"shing3366","amount":"20.86","api_id":286,"time":"20240724064552","type":1,"before_amount":"107861.02","api_name":"JD","date":"2024-07-24 06:45:52"}  
[2024-07-24 06:49:44] local.INFO: {"name":"nana888JK2","amount":0,"api_id":626,"time":"20240724064944","type":1,"before_amount":"121186.00","api_name":"JK","date":"2024-07-24 06:49:44"}  
[2024-07-24 06:58:29] local.INFO: {"name":"shing3366JK2","amount":120,"api_id":626,"time":"20240724065829","type":1,"before_amount":"121186.00","api_name":"JK","date":"2024-07-24 06:58:29"}  
[2024-07-24 07:05:51] local.INFO: {"name":"ice28x88","amount":"100.91","api_id":298,"time":"20240724070551","type":1,"before_amount":"57251.94","api_name":"PG","date":"2024-07-24 07:05:51"}  
[2024-07-24 07:20:48] local.INFO: {"name":"ice28x88JK2","amount":14,"api_id":626,"time":"20240724072048","type":1,"before_amount":"121066.00","api_name":"JK","date":"2024-07-24 07:20:48"}  
[2024-07-24 07:21:35] local.INFO: {"name":"ice28x88JK2","amount":14,"api_id":626,"time":"20240724072135","type":2,"after_money":"121052.00","api_name":"JK","date":"2024-07-24 07:21:35"}  
[2024-07-24 07:21:35] local.INFO: {"name":"ice28x88JK2","amount":14,"api_id":626,"time":"20240724072135","type":2,"after_money":"121052.00","api_name":"JK","date":"2024-07-24 07:21:35"}  
[2024-07-24 07:21:43] local.INFO: {"name":"ice28x88JK2","amount":14,"api_id":626,"time":"20240724072143","type":1,"before_amount":"121066.00","api_name":"JK","date":"2024-07-24 07:21:43"}  
[2024-07-24 07:33:11] local.INFO: {"name":"wm7575JK2","amount":150,"api_id":626,"time":"20240724073311","type":1,"before_amount":"121052.00","api_name":"JK","date":"2024-07-24 07:33:11"}  
[2024-07-24 07:35:46] local.INFO: {"name":"wm7575JK2","amount":2625,"api_id":626,"time":"20240724073546","type":2,"after_money":"120902.00","api_name":"JK","date":"2024-07-24 07:35:46"}  
[2024-07-24 07:36:28] local.INFO: {"name":"wm7575JK10","amount":120,"api_id":628,"time":"20240724073628","type":1,"before_amount":"134358.00","api_name":"JK","date":"2024-07-24 07:36:28"}  
[2024-07-24 07:59:04] local.INFO: {"name":"wm7575JK20","amount":50,"api_id":650,"time":"20240724075904","type":1,"before_amount":"136709.00","api_name":"JK","date":"2024-07-24 07:59:04"}  
[2024-07-24 07:59:59] local.INFO: {"name":"wm7575JK20","amount":50,"api_id":650,"time":"20240724075959","type":1,"before_amount":"136659.00","api_name":"JK","date":"2024-07-24 07:59:59"}  
[2024-07-24 08:07:38] local.INFO: {"name":"wm7575JK20","amount":102,"api_id":650,"time":"20240724080738","type":1,"before_amount":"136609.00","api_name":"JK","date":"2024-07-24 08:07:38"}  
[2024-07-24 09:06:06] local.INFO: {"name":"samsam89","amount":"100.26","api_id":286,"time":"20240724090606","type":1,"before_amount":"107840.16","api_name":"JD","date":"2024-07-24 09:06:06"}  
[2024-07-24 09:23:56] local.INFO: {"name":"samsam89","amount":106,"api_id":286,"time":"20240724092356","type":2,"after_money":"107739.90","api_name":"JD","date":"2024-07-24 09:23:56"}  
[2024-07-24 09:24:23] local.INFO: {"name":"samsam89","amount":"50","api_id":298,"time":"20240724092423","type":1,"before_amount":"57155.61","api_name":"PG","date":"2024-07-24 09:24:23"}  
[2024-07-24 09:29:09] local.INFO: {"name":"samsam89","amount":"56.26","api_id":298,"time":"20240724092909","type":1,"before_amount":"57105.61","api_name":"PG","date":"2024-07-24 09:29:09"}  
[2024-07-24 09:36:45] local.INFO: {"name":"kk4446","amount":"50","api_id":298,"time":"20240724093645","type":1,"before_amount":"57049.35","api_name":"PG","date":"2024-07-24 09:36:45"}  
[2024-07-24 09:43:56] local.INFO: {"name":"kk4446","amount":"50","api_id":286,"time":"20240724094356","type":1,"before_amount":"107845.90","api_name":"JD","date":"2024-07-24 09:43:56"}  
[2024-07-24 10:18:13] local.INFO: {"name":"wm7575JK5","amount":84,"api_id":627,"time":"20240724101813","type":1,"before_amount":"132981.00","api_name":"JK","date":"2024-07-24 10:18:13"}  
[2024-07-24 10:21:16] local.INFO: {"name":"sing8888","amount":"100.54","api_id":298,"time":"20240724102116","type":1,"before_amount":"56999.35","api_name":"PG","date":"2024-07-24 10:21:16"}  
[2024-07-24 10:28:21] local.INFO: {"name":"wm7575JK5","amount":104,"api_id":627,"time":"20240724102821","type":2,"after_money":"132897.00","api_name":"JK","date":"2024-07-24 10:28:21"}  
[2024-07-24 10:28:31] local.INFO: {"name":"wm7575JK5","amount":104,"api_id":627,"time":"20240724102831","type":1,"before_amount":"133001.00","api_name":"JK","date":"2024-07-24 10:28:31"}  
[2024-07-24 10:40:26] local.INFO: {"name":"wm7575JK5","amount":54,"api_id":627,"time":"20240724104026","type":2,"after_money":"132897.00","api_name":"JK","date":"2024-07-24 10:40:26"}  
[2024-07-24 10:40:38] local.INFO: {"name":"wm7575","amount":"135.26","api_id":298,"time":"20240724104038","type":1,"before_amount":"56898.81","api_name":"PG","date":"2024-07-24 10:40:38"}  
[2024-07-24 11:07:48] local.INFO: {"name":"samsam89","amount":"50","api_id":298,"time":"20240724110748","type":1,"before_amount":"56763.55","api_name":"PG","date":"2024-07-24 11:07:48"}  
[2024-07-24 11:22:45] local.INFO: {"name":"wm7575","amount":"100.34","api_id":298,"time":"20240724112245","type":1,"before_amount":"56713.55","api_name":"PG","date":"2024-07-24 11:22:45"}  
[2024-07-24 11:23:28] local.INFO: {"name":"ice9090","amount":"0.76","api_id":298,"time":"20240724112328","type":1,"before_amount":"56613.21","api_name":"PG","date":"2024-07-24 11:23:28"}  
[2024-07-24 11:30:53] local.INFO: {"name":"wm7575","amount":39,"api_id":298,"time":"20240724113053","type":2,"after_money":"56613.21","api_name":"PG","date":"2024-07-24 11:30:53"}  
[2024-07-24 11:31:01] local.INFO: {"name":"wm7575","amount":"39.34","api_id":298,"time":"20240724113101","type":1,"before_amount":"56652.21","api_name":"PG","date":"2024-07-24 11:31:01"}  
[2024-07-24 11:34:48] local.INFO: {"name":"wm7575","amount":"100.44","api_id":298,"time":"20240724113448","type":1,"before_amount":"56612.87","api_name":"PG","date":"2024-07-24 11:34:48"}  
[2024-07-24 11:36:39] local.INFO: {"name":"wm7575","amount":80,"api_id":298,"time":"20240724113639","type":2,"after_money":"56512.43","api_name":"PG","date":"2024-07-24 11:36:39"}  
[2024-07-24 11:36:48] local.INFO: {"name":"wm7575","amount":"80.44","api_id":298,"time":"20240724113648","type":1,"before_amount":"56592.43","api_name":"PG","date":"2024-07-24 11:36:48"}  
[2024-07-24 11:50:45] local.INFO: {"name":"samsam89","amount":"50.37","api_id":298,"time":"20240724115045","type":1,"before_amount":"56511.99","api_name":"PG","date":"2024-07-24 11:50:45"}  
[2024-07-24 12:02:09] local.INFO: {"name":"wm7575","amount":"250.57","api_id":298,"time":"20240724120209","type":1,"before_amount":"56461.62","api_name":"PG","date":"2024-07-24 12:02:09"}  
[2024-07-24 12:07:45] local.INFO: {"name":"wm7575","amount":62,"api_id":298,"time":"20240724120745","type":2,"after_money":"56211.05","api_name":"PG","date":"2024-07-24 12:07:45"}  
[2024-07-24 12:07:53] local.INFO: {"name":"wm7575JK2","amount":62,"api_id":626,"time":"20240724120753","type":1,"before_amount":"123527.00","api_name":"JK","date":"2024-07-24 12:07:53"}  
[2024-07-24 12:09:32] local.INFO: {"name":"wm7575JK2","amount":62,"api_id":626,"time":"20240724120932","type":2,"after_money":"123465.00","api_name":"JK","date":"2024-07-24 12:09:32"}  
[2024-07-24 12:09:46] local.INFO: {"name":"wm7575JK2","amount":62,"api_id":626,"time":"20240724120946","type":1,"before_amount":"123527.00","api_name":"JK","date":"2024-07-24 12:09:46"}  
[2024-07-24 12:24:26] local.INFO: {"name":"samsam89","amount":"50.47","api_id":286,"time":"20240724122426","type":1,"before_amount":"107795.90","api_name":"JD","date":"2024-07-24 12:24:26"}  
[2024-07-24 12:25:25] local.INFO: {"name":"wm7575JK2","amount":56,"api_id":626,"time":"20240724122525","type":1,"before_amount":"123465.00","api_name":"JK","date":"2024-07-24 12:25:25"}  
[2024-07-24 12:25:56] local.INFO: {"name":"ricky1314","amount":"30.61","api_id":298,"time":"20240724122556","type":1,"before_amount":"56273.05","api_name":"PG","date":"2024-07-24 12:25:56"}  
[2024-07-24 12:33:14] local.INFO: {"name":"samsam89","amount":"21.43","api_id":298,"time":"20240724123314","type":1,"before_amount":"56242.44","api_name":"PG","date":"2024-07-24 12:33:14"}  
[2024-07-24 12:50:54] local.INFO: {"name":"wm7575JK2","amount":100,"api_id":626,"time":"20240724125054","type":1,"before_amount":"123409.00","api_name":"JK","date":"2024-07-24 12:50:54"}  
[2024-07-24 12:52:24] local.INFO: {"name":"wm7575JK2","amount":100,"api_id":626,"time":"20240724125224","type":2,"after_money":"123309.00","api_name":"JK","date":"2024-07-24 12:52:24"}  
[2024-07-24 12:52:34] local.INFO: {"name":"wm7575JK2","amount":100,"api_id":626,"time":"20240724125234","type":1,"before_amount":"123409.00","api_name":"JK","date":"2024-07-24 12:52:34"}  
[2024-07-24 13:36:41] local.INFO: {"name":"kaaa1216","amount":"2.14","api_id":286,"time":"20240724133641","type":1,"before_amount":"107745.43","api_name":"JD","date":"2024-07-24 13:36:41"}  
[2024-07-24 13:37:52] local.INFO: {"name":"kaaa1216","amount":10,"api_id":298,"time":"20240724133752","type":2,"after_money":"56221.01","api_name":"PG","date":"2024-07-24 13:37:52"}  
[2024-07-24 13:37:53] local.INFO: {"name":"kaaa1216","amount":2,"api_id":286,"time":"20240724133753","type":2,"after_money":"107743.29","api_name":"JD","date":"2024-07-24 13:37:53"}  
[2024-07-24 13:38:04] local.INFO: {"name":"kaaa1216","amount":"12.14","api_id":286,"time":"20240724133804","type":1,"before_amount":"107745.29","api_name":"JD","date":"2024-07-24 13:38:04"}  
[2024-07-24 13:39:32] local.INFO: {"name":"sing8888","amount":"100.61","api_id":298,"time":"20240724133932","type":1,"before_amount":"56231.01","api_name":"PG","date":"2024-07-24 13:39:32"}  
[2024-07-24 13:52:47] local.INFO: {"name":"wm7575JK2","amount":12,"api_id":626,"time":"20240724135247","type":1,"before_amount":"123309.00","api_name":"JK","date":"2024-07-24 13:52:47"}  
