[2024-07-20 00:10:44] local.INFO: {"name":"eliseccy","amount":"22.09","api_id":298,"time":"20240720001044","type":1,"before_amount":"57330.01","api_name":"PG","date":"2024-07-20 00:10:44"}  
[2024-07-20 00:19:43] local.INFO: {"name":"wm7575JK2","amount":100,"api_id":626,"time":"20240720001943","type":1,"before_amount":"120450.00","api_name":"JK","date":"2024-07-20 00:19:43"}  
[2024-07-20 00:22:03] local.INFO: {"name":"hua169JK2","amount":120,"api_id":626,"time":"20240720002203","type":1,"before_amount":"120350.00","api_name":"JK","date":"2024-07-20 00:22:03"}  
[2024-07-20 00:24:51] local.INFO: {"name":"shing3366","amount":"120.40","api_id":286,"time":"20240720002451","type":1,"before_amount":"107168.78","api_name":"JD","date":"2024-07-20 00:24:51"}  
[2024-07-20 00:25:48] local.INFO: {"name":"samsam89","amount":"32.72","api_id":286,"time":"20240720002548","type":1,"before_amount":"107048.38","api_name":"JD","date":"2024-07-20 00:25:48"}  
[2024-07-20 00:45:16] local.INFO: {"name":"wm7575JK2","amount":370,"api_id":626,"time":"20240720004516","type":1,"before_amount":"120230.00","api_name":"JK","date":"2024-07-20 00:45:16"}  
[2024-07-20 00:46:09] local.INFO: {"name":"wm7575JK2","amount":370,"api_id":626,"time":"20240720004609","type":2,"after_money":"119860.00","api_name":"JK","date":"2024-07-20 00:46:09"}  
[2024-07-20 00:46:24] local.INFO: {"name":"wm7575JK2","amount":370,"api_id":626,"time":"20240720004624","type":1,"before_amount":"120230.00","api_name":"JK","date":"2024-07-20 00:46:24"}  
[2024-07-20 00:47:18] local.INFO: {"name":"wm7575JK2","amount":370,"api_id":626,"time":"20240720004718","type":2,"after_money":"119860.00","api_name":"JK","date":"2024-07-20 00:47:18"}  
[2024-07-20 00:47:30] local.INFO: {"name":"wm7575JK2","amount":370,"api_id":626,"time":"20240720004730","type":1,"before_amount":"120230.00","api_name":"JK","date":"2024-07-20 00:47:30"}  
[2024-07-20 01:05:00] local.INFO: {"name":"samsam89","amount":"10.89","api_id":298,"time":"20240720010500","type":1,"before_amount":"57307.92","api_name":"PG","date":"2024-07-20 01:05:00"}  
[2024-07-20 01:24:48] local.INFO: {"name":"wm7575JK2","amount":22,"api_id":626,"time":"20240720012448","type":1,"before_amount":"119860.00","api_name":"JK","date":"2024-07-20 01:24:48"}  
[2024-07-20 01:37:23] local.INFO: {"name":"sing8888","amount":"0.20","api_id":298,"time":"20240720013723","type":1,"before_amount":"57297.03","api_name":"PG","date":"2024-07-20 01:37:23"}  
[2024-07-20 01:37:31] local.INFO: {"name":"sing8888","amount":"0.20","api_id":298,"time":"20240720013731","type":1,"before_amount":"57297.03","api_name":"PG","date":"2024-07-20 01:37:31"}  
[2024-07-20 02:32:17] local.INFO: {"name":"uko1986","amount":"9.57","api_id":298,"time":"20240720023217","type":1,"before_amount":"57297.03","api_name":"PG","date":"2024-07-20 02:32:17"}  
[2024-07-20 02:45:57] local.INFO: {"name":"shing3366","amount":"2.10","api_id":286,"time":"20240720024557","type":1,"before_amount":"107015.66","api_name":"JD","date":"2024-07-20 02:45:57"}  
[2024-07-20 02:48:45] local.INFO: {"name":"uko1986","amount":"50.73","api_id":298,"time":"20240720024845","type":1,"before_amount":"57287.46","api_name":"PG","date":"2024-07-20 02:48:45"}  
[2024-07-20 02:50:12] local.INFO: {"name":"shing3366JK2","amount":50,"api_id":626,"time":"20240720025012","type":1,"before_amount":"119838.00","api_name":"JK","date":"2024-07-20 02:50:12"}  
[2024-07-20 02:59:20] local.INFO: {"name":"irene825","amount":"15.13","api_id":272,"time":"20240720025920","type":1,"before_amount":"120073.37","api_name":"CQ","date":"2024-07-20 02:59:20"}  
[2024-07-20 03:08:25] local.INFO: {"name":"shing3366JK2","amount":50,"api_id":626,"time":"20240720030825","type":1,"before_amount":"119788.00","api_name":"JK","date":"2024-07-20 03:08:25"}  
[2024-07-20 03:10:20] local.INFO: {"name":"shing3366JK2","amount":0,"api_id":626,"time":"20240720031020","type":1,"before_amount":"119738.00","api_name":"JK","date":"2024-07-20 03:10:20"}  
[2024-07-20 03:10:24] local.INFO: {"name":"shing3366JK2","amount":0,"api_id":626,"time":"20240720031024","type":1,"before_amount":"119738.00","api_name":"JK","date":"2024-07-20 03:10:24"}  
[2024-07-20 03:50:02] local.INFO: {"name":"kaaa1216","amount":"100.72","api_id":298,"time":"20240720035002","type":1,"before_amount":"57236.73","api_name":"PG","date":"2024-07-20 03:50:02"}  
[2024-07-20 03:50:31] local.INFO: {"name":"kaaa1216","amount":100,"api_id":298,"time":"20240720035031","type":2,"after_money":"57136.01","api_name":"PG","date":"2024-07-20 03:50:31"}  
[2024-07-20 03:50:45] local.INFO: {"name":"kaaa1216","amount":"100.72","api_id":298,"time":"20240720035045","type":1,"before_amount":"57236.01","api_name":"PG","date":"2024-07-20 03:50:45"}  
[2024-07-20 04:44:25] local.INFO: {"name":"sing8888","amount":"100.28","api_id":298,"time":"20240720044425","type":1,"before_amount":"57135.29","api_name":"PG","date":"2024-07-20 04:44:25"}  
[2024-07-20 05:00:15] local.INFO: {"name":"wm7575JK2","amount":10,"api_id":626,"time":"20240720050015","type":1,"before_amount":"119738.00","api_name":"JK","date":"2024-07-20 05:00:15"}  
[2024-07-20 06:46:52] local.INFO: {"name":"shing3366","amount":"2.14","api_id":298,"time":"20240720064652","type":1,"before_amount":"57035.01","api_name":"PG","date":"2024-07-20 06:46:52"}  
[2024-07-20 06:57:13] local.INFO: {"name":"sing8888","amount":"100.42","api_id":298,"time":"20240720065713","type":1,"before_amount":"57032.87","api_name":"PG","date":"2024-07-20 06:57:13"}  
[2024-07-20 07:15:14] local.INFO: {"name":"sing8888","amount":"50.57","api_id":298,"time":"20240720071514","type":1,"before_amount":"56932.45","api_name":"PG","date":"2024-07-20 07:15:14"}  
[2024-07-20 07:16:29] local.INFO: {"name":"shing3366JK2","amount":2,"api_id":626,"time":"20240720071629","type":1,"before_amount":"119728.00","api_name":"JK","date":"2024-07-20 07:16:29"}  
[2024-07-20 07:53:13] local.INFO: {"name":"sing8888","amount":"50.71","api_id":298,"time":"20240720075313","type":1,"before_amount":"56881.88","api_name":"PG","date":"2024-07-20 07:53:13"}  
[2024-07-20 07:54:31] local.INFO: {"name":"sing8888","amount":"0.71","api_id":298,"time":"20240720075431","type":1,"before_amount":"56831.17","api_name":"PG","date":"2024-07-20 07:54:31"}  
[2024-07-20 08:10:50] local.INFO: {"name":"wm7575JK2","amount":50,"api_id":626,"time":"20240720081050","type":1,"before_amount":"119726.00","api_name":"JK","date":"2024-07-20 08:10:50"}  
[2024-07-20 08:21:25] local.INFO: {"name":"wm7575JK2","amount":50,"api_id":626,"time":"20240720082125","type":1,"before_amount":"119676.00","api_name":"JK","date":"2024-07-20 08:21:25"}  
[2024-07-20 08:35:17] local.INFO: {"name":"wm7575JK2","amount":2,"api_id":626,"time":"20240720083517","type":1,"before_amount":"119626.00","api_name":"JK","date":"2024-07-20 08:35:17"}  
[2024-07-20 09:34:04] local.INFO: {"name":"samsam89","amount":"50","api_id":298,"time":"20240720093404","type":1,"before_amount":"56838.61","api_name":"PG","date":"2024-07-20 09:34:04"}  
[2024-07-20 09:37:41] local.INFO: {"name":"samsam89","amount":"51.07","api_id":286,"time":"20240720093741","type":1,"before_amount":"107013.56","api_name":"JD","date":"2024-07-20 09:37:41"}  
[2024-07-20 10:21:17] local.INFO: {"name":"samsam89","amount":100,"api_id":286,"time":"20240720102117","type":2,"after_money":"106962.49","api_name":"JD","date":"2024-07-20 10:21:17"}  
[2024-07-20 10:21:17] local.INFO: {"name":"samsam89","amount":100,"api_id":286,"time":"20240720102117","type":2,"after_money":"106962.49","api_name":"JD","date":"2024-07-20 10:21:17"}  
[2024-07-20 10:21:22] local.INFO: {"name":"samsam89","amount":"50","api_id":298,"time":"20240720102122","type":1,"before_amount":"56788.61","api_name":"PG","date":"2024-07-20 10:21:22"}  
[2024-07-20 10:26:19] local.INFO: {"name":"ttw1224","amount":"50","api_id":298,"time":"20240720102619","type":1,"before_amount":"56738.61","api_name":"PG","date":"2024-07-20 10:26:19"}  
[2024-07-20 10:48:28] local.INFO: {"name":"samsam89","amount":201,"api_id":298,"time":"20240720104828","type":2,"after_money":"56688.61","api_name":"PG","date":"2024-07-20 10:48:28"}  
[2024-07-20 10:48:46] local.INFO: {"name":"samsam89","amount":"50","api_id":298,"time":"20240720104846","type":1,"before_amount":"56889.61","api_name":"PG","date":"2024-07-20 10:48:46"}  
[2024-07-20 10:51:32] local.INFO: {"name":"samsam89","amount":"50","api_id":298,"time":"20240720105132","type":1,"before_amount":"56839.61","api_name":"PG","date":"2024-07-20 10:51:32"}  
[2024-07-20 11:05:40] local.INFO: {"name":"samsam89","amount":131,"api_id":298,"time":"20240720110540","type":2,"after_money":"56789.61","api_name":"PG","date":"2024-07-20 11:05:40"}  
[2024-07-20 11:05:40] local.INFO: {"name":"samsam89","amount":131,"api_id":298,"time":"20240720110540","type":2,"after_money":"56789.61","api_name":"PG","date":"2024-07-20 11:05:40"}  
[2024-07-20 11:05:46] local.INFO: {"name":"samsam89","amount":"32","api_id":298,"time":"20240720110546","type":1,"before_amount":"56920.61","api_name":"PG","date":"2024-07-20 11:05:46"}  
[2024-07-20 11:08:19] local.INFO: {"name":"samsam89","amount":"50","api_id":286,"time":"20240720110819","type":1,"before_amount":"107062.49","api_name":"JD","date":"2024-07-20 11:08:19"}  
[2024-07-20 11:19:23] local.INFO: {"name":"ttw1224","amount":300,"api_id":298,"time":"20240720111923","type":2,"after_money":"56888.61","api_name":"PG","date":"2024-07-20 11:19:23"}  
[2024-07-20 11:19:24] local.INFO: {"name":"ttw1224","amount":300,"api_id":298,"time":"20240720111924","type":2,"after_money":"56888.61","api_name":"PG","date":"2024-07-20 11:19:24"}  
[2024-07-20 11:19:24] local.INFO: {"name":"ttw1224","amount":300,"api_id":298,"time":"20240720111924","type":2,"after_money":"56888.61","api_name":"PG","date":"2024-07-20 11:19:24"}  
[2024-07-20 11:19:25] local.INFO: {"name":"ttw1224","amount":300,"api_id":298,"time":"20240720111925","type":2,"after_money":"56888.61","api_name":"PG","date":"2024-07-20 11:19:25"}  
[2024-07-20 11:41:04] local.INFO: {"name":"samsam89","amount":1136,"api_id":286,"time":"20240720114104","type":2,"after_money":"107012.49","api_name":"JD","date":"2024-07-20 11:41:04"}  
[2024-07-20 12:02:01] local.INFO: {"name":"samsam89","amount":"36","api_id":298,"time":"20240720120201","type":1,"before_amount":"57188.61","api_name":"PG","date":"2024-07-20 12:02:01"}  
[2024-07-20 12:09:39] local.INFO: {"name":"eliseccy","amount":"20.11","api_id":298,"time":"20240720120939","type":1,"before_amount":"57152.61","api_name":"PG","date":"2024-07-20 12:09:39"}  
[2024-07-20 12:19:26] local.INFO: {"name":"wm7575JK10","amount":50,"api_id":628,"time":"20240720121926","type":1,"before_amount":"135666.00","api_name":"JK","date":"2024-07-20 12:19:26"}  
[2024-07-20 12:25:41] local.INFO: {"name":"wm7575JK10","amount":50,"api_id":628,"time":"20240720122541","type":1,"before_amount":"135616.00","api_name":"JK","date":"2024-07-20 12:25:41"}  
[2024-07-20 12:29:01] local.INFO: {"name":"samsam89","amount":"100.07","api_id":286,"time":"20240720122901","type":1,"before_amount":"108148.49","api_name":"JD","date":"2024-07-20 12:29:01"}  
[2024-07-20 12:38:33] local.INFO: {"name":"wm7575JK10","amount":50,"api_id":628,"time":"20240720123833","type":1,"before_amount":"135566.00","api_name":"JK","date":"2024-07-20 12:38:33"}  
[2024-07-20 12:46:50] local.INFO: {"name":"wm7575JK10","amount":50,"api_id":628,"time":"20240720124650","type":1,"before_amount":"135516.00","api_name":"JK","date":"2024-07-20 12:46:50"}  
[2024-07-20 12:50:38] local.INFO: {"name":"wm7575JK10","amount":100,"api_id":628,"time":"20240720125038","type":1,"before_amount":"135466.00","api_name":"JK","date":"2024-07-20 12:50:38"}  
[2024-07-20 14:13:28] local.INFO: {"name":"samsam89","amount":"20.04","api_id":298,"time":"20240720141328","type":1,"before_amount":"57132.50","api_name":"PG","date":"2024-07-20 14:13:28"}  
[2024-07-20 14:34:37] local.INFO: {"name":"ttw1224","amount":"50","api_id":298,"time":"20240720143437","type":1,"before_amount":"57112.46","api_name":"PG","date":"2024-07-20 14:34:37"}  
[2024-07-20 15:46:05] local.INFO: {"name":"wm7575JK20","amount":50,"api_id":650,"time":"20240720154605","type":1,"before_amount":"137804.00","api_name":"JK","date":"2024-07-20 15:46:05"}  
[2024-07-20 15:47:03] local.INFO: {"name":"wm7575JK20","amount":50,"api_id":650,"time":"20240720154703","type":2,"after_money":"137754.00","api_name":"JK","date":"2024-07-20 15:47:03"}  
[2024-07-20 15:47:07] local.INFO: {"name":"wm7575JK20","amount":50,"api_id":650,"time":"20240720154707","type":1,"before_amount":"137804.00","api_name":"JK","date":"2024-07-20 15:47:07"}  
[2024-07-20 15:48:14] local.INFO: {"name":"wm7575JK20","amount":50,"api_id":650,"time":"20240720154814","type":2,"after_money":"137754.00","api_name":"JK","date":"2024-07-20 15:48:14"}  
[2024-07-20 15:48:53] local.INFO: {"name":"wm7575JK20","amount":50,"api_id":650,"time":"20240720154853","type":1,"before_amount":"137804.00","api_name":"JK","date":"2024-07-20 15:48:53"}  
[2024-07-20 15:50:09] local.INFO: {"name":"shing3366JK2","amount":100,"api_id":626,"time":"20240720155009","type":1,"before_amount":"119624.00","api_name":"JK","date":"2024-07-20 15:50:09"}  
[2024-07-20 15:59:37] local.INFO: {"name":"wm7575JK20","amount":50,"api_id":650,"time":"20240720155937","type":1,"before_amount":"137754.00","api_name":"JK","date":"2024-07-20 15:59:37"}  
[2024-07-20 16:21:18] local.INFO: {"name":"wm7575JK20","amount":50,"api_id":650,"time":"20240720162118","type":1,"before_amount":"137704.00","api_name":"JK","date":"2024-07-20 16:21:18"}  
[2024-07-20 16:32:12] local.INFO: {"name":"wm7575JK20","amount":50,"api_id":650,"time":"20240720163212","type":1,"before_amount":"137654.00","api_name":"JK","date":"2024-07-20 16:32:12"}  
[2024-07-20 16:48:55] local.INFO: {"name":"wm7575JK20","amount":50,"api_id":650,"time":"20240720164855","type":1,"before_amount":"137604.00","api_name":"JK","date":"2024-07-20 16:48:55"}  
[2024-07-20 16:59:53] local.INFO: {"name":"ttw1224","amount":"50.59","api_id":298,"time":"20240720165953","type":1,"before_amount":"57062.61","api_name":"PG","date":"2024-07-20 16:59:53"}  
[2024-07-20 17:03:34] local.INFO: {"name":"wm7575JK20","amount":50,"api_id":650,"time":"20240720170334","type":1,"before_amount":"137554.00","api_name":"JK","date":"2024-07-20 17:03:34"}  
[2024-07-20 17:41:00] local.INFO: {"name":"wm7575JK20","amount":50,"api_id":650,"time":"20240720174100","type":1,"before_amount":"137504.00","api_name":"JK","date":"2024-07-20 17:41:00"}  
[2024-07-20 17:41:50] local.INFO: {"name":"wm7575JK20","amount":50,"api_id":650,"time":"20240720174150","type":2,"after_money":"137454.00","api_name":"JK","date":"2024-07-20 17:41:50"}  
[2024-07-20 17:42:00] local.INFO: {"name":"wm7575JK20","amount":50,"api_id":650,"time":"20240720174200","type":1,"before_amount":"137504.00","api_name":"JK","date":"2024-07-20 17:42:00"}  
[2024-07-20 18:06:53] local.INFO: {"name":"samsam89","amount":"1.21","api_id":298,"time":"20240720180653","type":1,"before_amount":"57012.02","api_name":"PG","date":"2024-07-20 18:06:53"}  
[2024-07-20 18:09:49] local.INFO: {"name":"wm7575JK20","amount":79,"api_id":650,"time":"20240720180949","type":2,"after_money":"137454.00","api_name":"JK","date":"2024-07-20 18:09:49"}  
[2024-07-20 18:09:56] local.INFO: {"name":"wm7575JK20","amount":78,"api_id":650,"time":"20240720180956","type":1,"before_amount":"137533.00","api_name":"JK","date":"2024-07-20 18:09:56"}  
[2024-07-20 19:24:22] local.INFO: {"name":"wm7575JK10","amount":62,"api_id":628,"time":"20240720192422","type":1,"before_amount":"135366.00","api_name":"JK","date":"2024-07-20 19:24:22"}  
[2024-07-20 19:25:11] local.INFO: {"name":"wm7575JK10","amount":62,"api_id":628,"time":"20240720192511","type":2,"after_money":"135304.00","api_name":"JK","date":"2024-07-20 19:25:11"}  
[2024-07-20 19:25:22] local.INFO: {"name":"wm7575JK10","amount":62,"api_id":628,"time":"20240720192522","type":1,"before_amount":"135366.00","api_name":"JK","date":"2024-07-20 19:25:22"}  
[2024-07-20 20:12:12] local.INFO: {"name":"ttw1224","amount":"50","api_id":298,"time":"20240720201212","type":1,"before_amount":"57010.81","api_name":"PG","date":"2024-07-20 20:12:12"}  
[2024-07-20 20:32:56] local.INFO: {"name":"samsam89","amount":"50","api_id":298,"time":"20240720203256","type":1,"before_amount":"56960.81","api_name":"PG","date":"2024-07-20 20:32:56"}  
[2024-07-20 20:37:06] local.INFO: {"name":"samsam89","amount":"50.37","api_id":286,"time":"20240720203706","type":1,"before_amount":"108048.42","api_name":"JD","date":"2024-07-20 20:37:06"}  
[2024-07-20 20:49:04] local.INFO: {"name":"samsam89","amount":"50","api_id":298,"time":"20240720204904","type":1,"before_amount":"56910.81","api_name":"PG","date":"2024-07-20 20:49:04"}  
[2024-07-20 21:09:56] local.INFO: {"name":"samsam89","amount":137,"api_id":298,"time":"20240720210956","type":2,"after_money":"56861.61","api_name":"PG","date":"2024-07-20 21:09:56"}  
[2024-07-20 21:09:56] local.INFO: {"name":"samsam89","amount":137,"api_id":298,"time":"20240720210956","type":2,"after_money":"56861.61","api_name":"PG","date":"2024-07-20 21:09:56"}  
[2024-07-20 21:10:03] local.INFO: {"name":"samsam89","amount":"87","api_id":286,"time":"20240720211003","type":1,"before_amount":"107998.05","api_name":"JD","date":"2024-07-20 21:10:03"}  
[2024-07-20 21:14:57] local.INFO: {"name":"wm7575JK10","amount":100,"api_id":628,"time":"20240720211457","type":1,"before_amount":"135304.00","api_name":"JK","date":"2024-07-20 21:14:57"}  
[2024-07-20 21:21:03] local.INFO: {"name":"samsam89","amount":"50","api_id":298,"time":"20240720212103","type":1,"before_amount":"56998.61","api_name":"PG","date":"2024-07-20 21:21:03"}  
[2024-07-20 21:22:38] local.INFO: {"name":"eliseccy","amount":"100.29","api_id":298,"time":"20240720212238","type":1,"before_amount":"56948.61","api_name":"PG","date":"2024-07-20 21:22:38"}  
[2024-07-20 21:23:54] local.INFO: {"name":"wm7575JK10","amount":100,"api_id":628,"time":"20240720212354","type":1,"before_amount":"135204.00","api_name":"JK","date":"2024-07-20 21:23:54"}  
[2024-07-20 21:24:43] local.INFO: {"name":"wm7575JK10","amount":101,"api_id":628,"time":"20240720212443","type":2,"after_money":"135104.00","api_name":"JK","date":"2024-07-20 21:24:43"}  
[2024-07-20 21:25:03] local.INFO: {"name":"wm7575JK10","amount":100,"api_id":628,"time":"20240720212503","type":1,"before_amount":"135205.00","api_name":"JK","date":"2024-07-20 21:25:03"}  
[2024-07-20 21:35:22] local.INFO: {"name":"samsam89","amount":"50.45","api_id":298,"time":"20240720213522","type":1,"before_amount":"56848.32","api_name":"PG","date":"2024-07-20 21:35:22"}  
[2024-07-20 21:52:52] local.INFO: {"name":"samsam89","amount":"12.89","api_id":286,"time":"20240720215252","type":1,"before_amount":"107911.05","api_name":"JD","date":"2024-07-20 21:52:52"}  
[2024-07-20 22:06:37] local.INFO: {"name":"wm7575JK10","amount":322,"api_id":628,"time":"20240720220637","type":2,"after_money":"135105.00","api_name":"JK","date":"2024-07-20 22:06:37"}  
[2024-07-20 22:06:57] local.INFO: {"name":"wm7575JK10","amount":100,"api_id":628,"time":"20240720220657","type":1,"before_amount":"135427.00","api_name":"JK","date":"2024-07-20 22:06:57"}  
[2024-07-20 22:07:44] local.INFO: {"name":"samsam89","amount":151,"api_id":286,"time":"20240720220744","type":2,"after_money":"107898.16","api_name":"JD","date":"2024-07-20 22:07:44"}  
[2024-07-20 22:07:45] local.INFO: {"name":"samsam89","amount":151,"api_id":286,"time":"20240720220745","type":2,"after_money":"107898.16","api_name":"JD","date":"2024-07-20 22:07:45"}  
[2024-07-20 22:07:51] local.INFO: {"name":"samsam89","amount":"50","api_id":298,"time":"20240720220751","type":1,"before_amount":"56797.87","api_name":"PG","date":"2024-07-20 22:07:51"}  
[2024-07-20 22:10:50] local.INFO: {"name":"samsam89","amount":"50","api_id":298,"time":"20240720221050","type":1,"before_amount":"56747.87","api_name":"PG","date":"2024-07-20 22:10:50"}  
[2024-07-20 22:20:20] local.INFO: {"name":"wm7575JK10","amount":222,"api_id":628,"time":"20240720222020","type":1,"before_amount":"135327.00","api_name":"JK","date":"2024-07-20 22:20:20"}  
[2024-07-20 22:24:31] local.INFO: {"name":"samsam89","amount":"51.89","api_id":286,"time":"20240720222431","type":1,"before_amount":"108049.16","api_name":"JD","date":"2024-07-20 22:24:31"}  
[2024-07-20 22:47:38] local.INFO: {"name":"wm7575JK10","amount":62,"api_id":628,"time":"20240720224738","type":1,"before_amount":"135105.00","api_name":"JK","date":"2024-07-20 22:47:38"}  
[2024-07-20 22:55:50] local.INFO: {"name":"wm7575JK2","amount":50,"api_id":626,"time":"20240720225550","type":1,"before_amount":"119524.00","api_name":"JK","date":"2024-07-20 22:55:50"}  
[2024-07-20 22:56:59] local.INFO: {"name":"wm7575JK2","amount":50,"api_id":626,"time":"20240720225659","type":2,"after_money":"119474.00","api_name":"JK","date":"2024-07-20 22:56:59"}  
[2024-07-20 22:57:23] local.INFO: {"name":"wm7575JK2","amount":50,"api_id":626,"time":"20240720225723","type":1,"before_amount":"119524.00","api_name":"JK","date":"2024-07-20 22:57:23"}  
[2024-07-20 23:34:32] local.INFO: {"name":"samsam89","amount":"8.96","api_id":298,"time":"20240720233432","type":1,"before_amount":"56697.87","api_name":"PG","date":"2024-07-20 23:34:32"}  
[2024-07-20 23:46:44] local.INFO: {"name":"ttw1224","amount":500,"api_id":298,"time":"20240720234644","type":2,"after_money":"56688.91","api_name":"PG","date":"2024-07-20 23:46:44"}  
[2024-07-20 23:46:44] local.INFO: {"name":"ttw1224","amount":500,"api_id":298,"time":"20240720234644","type":2,"after_money":"56688.91","api_name":"PG","date":"2024-07-20 23:46:44"}  
[2024-07-20 23:46:45] local.INFO: {"name":"ttw1224","amount":500,"api_id":298,"time":"20240720234645","type":2,"after_money":"56688.91","api_name":"PG","date":"2024-07-20 23:46:45"}  
